{"/home/travis/build/npmtest/node-npmtest-blazy/test.js":{"path":"/home/travis/build/npmtest/node-npmtest-blazy/test.js","s":{"1":2,"2":2,"3":2,"4":2,"5":2,"6":2,"7":2,"8":1,"9":2,"10":2,"11":1,"12":1,"13":1,"14":1,"15":2,"16":2,"17":2,"18":2,"19":1,"20":1,"21":2,"22":2,"23":2,"24":1,"25":1,"26":1,"27":1,"28":1,"29":1,"30":1,"31":1,"32":1,"33":1,"34":1,"35":1,"36":1,"37":1,"38":1,"39":2,"40":2,"41":1,"42":2,"43":2,"44":1,"45":2,"46":2,"47":1,"48":2,"49":2,"50":1,"51":1,"52":1,"53":1,"54":1},"b":{"1":[2,1,1,1],"2":[1,1,1,1],"3":[1,1],"4":[1,1],"5":[1,1],"6":[1,1],"7":[1,1],"8":[1,1],"9":[1,1],"10":[1,1,1],"11":[1,1],"12":[1,1],"13":[1,1],"14":[1,1],"15":[1,1],"16":[1,1],"17":[1,1]},"f":{"1":2,"2":2,"3":2,"4":2,"5":2,"6":1,"7":1,"8":1,"9":2,"10":2,"11":2,"12":2,"13":1},"fnMap":{"1":{"name":"(anonymous_1)","line":12,"loc":{"start":{"line":12,"column":1},"end":{"line":12,"column":13}}},"2":{"name":"(anonymous_2)","line":19,"loc":{"start":{"line":19,"column":5},"end":{"line":19,"column":17}}},"3":{"name":"(anonymous_3)","line":23,"loc":{"start":{"line":23,"column":24},"end":{"line":23,"column":36}}},"4":{"name":"(anonymous_4)","line":61,"loc":{"start":{"line":61,"column":5},"end":{"line":61,"column":17}}},"5":{"name":"(anonymous_5)","line":82,"loc":{"start":{"line":82,"column":5},"end":{"line":82,"column":17}}},"6":{"name":"(anonymous_6)","line":91,"loc":{"start":{"line":91,"column":77},"end":{"line":94,"column":10}}},"7":{"name":"(anonymous_7)","line":112,"loc":{"start":{"line":112,"column":83},"end":{"line":115,"column":10}},"skip":true},"8":{"name":"(anonymous_8)","line":123,"loc":{"start":{"line":123,"column":77},"end":{"line":126,"column":10}},"skip":true},"9":{"name":"(anonymous_9)","line":139,"loc":{"start":{"line":139,"column":12},"end":{"line":139,"column":40}},"skip":true},"10":{"name":"(anonymous_10)","line":147,"loc":{"start":{"line":147,"column":77},"end":{"line":150,"column":10}},"skip":true},"11":{"name":"(anonymous_11)","line":158,"loc":{"start":{"line":158,"column":83},"end":{"line":161,"column":10}},"skip":true},"12":{"name":"(anonymous_12)","line":169,"loc":{"start":{"line":169,"column":79},"end":{"line":172,"column":10}},"skip":true},"13":{"name":"(anonymous_13)","line":180,"loc":{"start":{"line":180,"column":75},"end":{"line":183,"column":10}},"skip":true}},"statementMap":{"1":{"start":{"line":12,"column":0},"end":{"line":195,"column":5}},"2":{"start":{"line":14,"column":4},"end":{"line":14,"column":14}},"3":{"start":{"line":19,"column":4},"end":{"line":56,"column":9}},"4":{"start":{"line":21,"column":8},"end":{"line":21,"column":19}},"5":{"start":{"line":23,"column":8},"end":{"line":35,"column":13}},"6":{"start":{"line":24,"column":12},"end":{"line":34,"column":13}},"7":{"start":{"line":25,"column":16},"end":{"line":28,"column":30}},"8":{"start":{"line":30,"column":16},"end":{"line":33,"column":27}},"9":{"start":{"line":37,"column":8},"end":{"line":39,"column":21}},"10":{"start":{"line":40,"column":8},"end":{"line":53,"column":9}},"11":{"start":{"line":43,"column":12},"end":{"line":46,"column":14}},"12":{"start":{"line":47,"column":12},"end":{"line":47,"column":18}},"13":{"start":{"line":50,"column":12},"end":{"line":51,"column":33}},"14":{"start":{"line":52,"column":12},"end":{"line":52,"column":18}},"15":{"start":{"line":55,"column":8},"end":{"line":55,"column":35}},"16":{"start":{"line":61,"column":4},"end":{"line":63,"column":9}},"17":{"start":{"line":62,"column":8},"end":{"line":62,"column":15}},"18":{"start":{"line":64,"column":4},"end":{"line":77,"column":5}},"19":{"start":{"line":70,"column":8},"end":{"line":70,"column":14}},"20":{"start":{"line":76,"column":8},"end":{"line":76,"column":14}},"21":{"start":{"line":82,"column":4},"end":{"line":84,"column":9}},"22":{"start":{"line":83,"column":8},"end":{"line":83,"column":15}},"23":{"start":{"line":85,"column":4},"end":{"line":194,"column":5}},"24":{"start":{"line":91,"column":8},"end":{"line":99,"column":10}},"25":{"start":{"line":98,"column":12},"end":{"line":98,"column":35}},"26":{"start":{"line":102,"column":8},"end":{"line":104,"column":63}},"27":{"start":{"line":105,"column":8},"end":{"line":105,"column":14}},"28":{"start":{"line":112,"column":8},"end":{"line":121,"column":10},"skip":true},"29":{"start":{"line":119,"column":12},"end":{"line":119,"column":55},"skip":true},"30":{"start":{"line":120,"column":12},"end":{"line":120,"column":48},"skip":true},"31":{"start":{"line":123,"column":8},"end":{"line":136,"column":10},"skip":true},"32":{"start":{"line":130,"column":12},"end":{"line":130,"column":76},"skip":true},"33":{"start":{"line":131,"column":12},"end":{"line":131,"column":73},"skip":true},"34":{"start":{"line":132,"column":12},"end":{"line":132,"column":74},"skip":true},"35":{"start":{"line":133,"column":12},"end":{"line":133,"column":79},"skip":true},"36":{"start":{"line":134,"column":12},"end":{"line":134,"column":25},"skip":true},"37":{"start":{"line":135,"column":12},"end":{"line":135,"column":45},"skip":true},"38":{"start":{"line":138,"column":8},"end":{"line":145,"column":14},"skip":true},"39":{"start":{"line":143,"column":16},"end":{"line":143,"column":29},"skip":true},"40":{"start":{"line":144,"column":16},"end":{"line":144,"column":55},"skip":true},"41":{"start":{"line":147,"column":8},"end":{"line":156,"column":10},"skip":true},"42":{"start":{"line":154,"column":12},"end":{"line":154,"column":25},"skip":true},"43":{"start":{"line":155,"column":12},"end":{"line":155,"column":45},"skip":true},"44":{"start":{"line":158,"column":8},"end":{"line":167,"column":10},"skip":true},"45":{"start":{"line":165,"column":12},"end":{"line":165,"column":25},"skip":true},"46":{"start":{"line":166,"column":12},"end":{"line":166,"column":48},"skip":true},"47":{"start":{"line":169,"column":8},"end":{"line":178,"column":10},"skip":true},"48":{"start":{"line":176,"column":12},"end":{"line":176,"column":25},"skip":true},"49":{"start":{"line":177,"column":12},"end":{"line":177,"column":46},"skip":true},"50":{"start":{"line":180,"column":8},"end":{"line":189,"column":10},"skip":true},"51":{"start":{"line":187,"column":12},"end":{"line":187,"column":94},"skip":true},"52":{"start":{"line":188,"column":12},"end":{"line":188,"column":48},"skip":true},"53":{"start":{"line":192,"column":8},"end":{"line":192,"column":35},"skip":true},"54":{"start":{"line":193,"column":8},"end":{"line":193,"column":14},"skip":true}},"branchMap":{"1":{"line":25,"type":"binary-expr","locations":[{"start":{"line":25,"column":23},"end":{"line":25,"column":62}},{"start":{"line":26,"column":20},"end":{"line":26,"column":70}},{"start":{"line":27,"column":20},"end":{"line":27,"column":71}},{"start":{"line":28,"column":20},"end":{"line":28,"column":29}}]},"2":{"line":30,"type":"binary-expr","locations":[{"start":{"line":30,"column":23},"end":{"line":30,"column":37}},{"start":{"line":31,"column":20},"end":{"line":31,"column":61}},{"start":{"line":32,"column":20},"end":{"line":32,"column":70}},{"start":{"line":33,"column":20},"end":{"line":33,"column":26}}]},"3":{"line":37,"type":"cond-expr","locations":[{"start":{"line":38,"column":14},"end":{"line":38,"column":20}},{"start":{"line":39,"column":14},"end":{"line":39,"column":20}}]},"4":{"line":40,"type":"switch","locations":[{"start":{"line":42,"column":8},"end":{"line":47,"column":18}},{"start":{"line":49,"column":8},"end":{"line":52,"column":18}}]},"5":{"line":44,"type":"binary-expr","locations":[{"start":{"line":44,"column":16},"end":{"line":44,"column":44}},{"start":{"line":44,"column":48},"end":{"line":44,"column":66}}]},"6":{"line":50,"type":"binary-expr","locations":[{"start":{"line":50,"column":21},"end":{"line":50,"column":49}},{"start":{"line":50,"column":53},"end":{"line":50,"column":72}}]},"7":{"line":64,"type":"switch","locations":[{"start":{"line":69,"column":4},"end":{"line":70,"column":14}},{"start":{"line":75,"column":4},"end":{"line":76,"column":14}}]},"8":{"line":85,"type":"switch","locations":[{"start":{"line":90,"column":4},"end":{"line":105,"column":14}},{"start":{"line":111,"column":4},"end":{"line":193,"column":14},"skip":true}]},"9":{"line":91,"type":"binary-expr","locations":[{"start":{"line":91,"column":42},"end":{"line":91,"column":73}},{"start":{"line":91,"column":77},"end":{"line":99,"column":9}}]},"10":{"line":102,"type":"binary-expr","locations":[{"start":{"line":102,"column":18},"end":{"line":102,"column":32}},{"start":{"line":103,"column":12},"end":{"line":103,"column":53}},{"start":{"line":104,"column":12},"end":{"line":104,"column":61}}]},"11":{"line":112,"type":"binary-expr","locations":[{"start":{"line":112,"column":45},"end":{"line":112,"column":79},"skip":true},{"start":{"line":112,"column":83},"end":{"line":121,"column":9},"skip":true}]},"12":{"line":123,"type":"binary-expr","locations":[{"start":{"line":123,"column":42},"end":{"line":123,"column":73},"skip":true},{"start":{"line":123,"column":77},"end":{"line":136,"column":9},"skip":true}]},"13":{"line":138,"type":"binary-expr","locations":[{"start":{"line":138,"column":48},"end":{"line":138,"column":85},"skip":true},{"start":{"line":139,"column":12},"end":{"line":145,"column":13},"skip":true}]},"14":{"line":147,"type":"binary-expr","locations":[{"start":{"line":147,"column":42},"end":{"line":147,"column":73},"skip":true},{"start":{"line":147,"column":77},"end":{"line":156,"column":9},"skip":true}]},"15":{"line":158,"type":"binary-expr","locations":[{"start":{"line":158,"column":45},"end":{"line":158,"column":79},"skip":true},{"start":{"line":158,"column":83},"end":{"line":167,"column":9},"skip":true}]},"16":{"line":169,"type":"binary-expr","locations":[{"start":{"line":169,"column":43},"end":{"line":169,"column":75},"skip":true},{"start":{"line":169,"column":79},"end":{"line":178,"column":9},"skip":true}]},"17":{"line":180,"type":"binary-expr","locations":[{"start":{"line":180,"column":41},"end":{"line":180,"column":71},"skip":true},{"start":{"line":180,"column":75},"end":{"line":189,"column":9},"skip":true}]}},"code":["/* istanbul instrument in package npmtest_blazy */","/*jslint","    bitwise: true,","    browser: true,","    maxerr: 8,","    maxlen: 96,","    node: true,","    nomen: true,","    regexp: true,","    stupid: true","*/","(function () {","    'use strict';","    var local;","","","","    // run shared js-env code - pre-init","    (function () {","        // init local","        local = {};","        // init modeJs","        local.modeJs = (function () {","            try {","                return typeof navigator.userAgent === 'string' &&","                    typeof document.querySelector('body') === 'object' &&","                    typeof XMLHttpRequest.prototype.open === 'function' &&","                    'browser';","            } catch (errorCaughtBrowser) {","                return module.exports &&","                    typeof process.versions.node === 'string' &&","                    typeof require('http').createServer === 'function' &&","                    'node';","            }","        }());","        // init global","        local.global = local.modeJs === 'browser'","            ? window","            : global;","        switch (local.modeJs) {","        // re-init local from window.local","        case 'browser':","            local = local.global.utility2.objectSetDefault(","                local.global.utility2_rollup || local.global.local,","                local.global.utility2","            );","            break;","        // re-init local from example.js","        case 'node':","            local = (local.global.utility2_rollup || require('utility2'))","                .requireReadme();","            break;","        }","        // export local","        local.global.local = local;","    }());","","","","    // run shared js-env code - function","    (function () {","        return;","    }());","    switch (local.modeJs) {","","","","    // run browser js-env code - function","    case 'browser':","        break;","","","","    // run node js-env code - function","    case 'node':","        break;","    }","","","","    // run shared js-env code - post-init","    (function () {","        return;","    }());","    switch (local.modeJs) {","","","","    // run browser js-env code - post-init","    case 'browser':","        local.testCase_browser_nullCase = local.testCase_browser_nullCase || function (","            options,","            onError","        ) {","        /*","         * this function will test browsers's null-case handling-behavior-behavior","         */","            onError(null, options);","        };","","        // run tests","        local.nop(local.modeTest &&","            document.querySelector('#testRunButton1') &&","            document.querySelector('#testRunButton1').click());","        break;","","","","    // run node js-env code - post-init","    /* istanbul ignore next */","    case 'node':","        local.testCase_buildApidoc_default = local.testCase_buildApidoc_default || function (","            options,","            onError","        ) {","        /*","         * this function will test buildApidoc's default handling-behavior-behavior","         */","            options = { modulePathList: module.paths };","            local.buildApidoc(options, onError);","        };","","        local.testCase_buildApp_default = local.testCase_buildApp_default || function (","            options,","            onError","        ) {","        /*","         * this function will test buildApp's default handling-behavior-behavior","         */","            local.testCase_buildReadme_default(options, local.onErrorThrow);","            local.testCase_buildLib_default(options, local.onErrorThrow);","            local.testCase_buildTest_default(options, local.onErrorThrow);","            local.testCase_buildCustomOrg_default(options, local.onErrorThrow);","            options = [];","            local.buildApp(options, onError);","        };","","        local.testCase_buildCustomOrg_default = local.testCase_buildCustomOrg_default ||","            function (options, onError) {","            /*","             * this function will test buildCustomOrg's default handling-behavior","             */","                options = {};","                local.buildCustomOrg(options, onError);","            };","","        local.testCase_buildLib_default = local.testCase_buildLib_default || function (","            options,","            onError","        ) {","        /*","         * this function will test buildLib's default handling-behavior","         */","            options = {};","            local.buildLib(options, onError);","        };","","        local.testCase_buildReadme_default = local.testCase_buildReadme_default || function (","            options,","            onError","        ) {","        /*","         * this function will test buildReadme's default handling-behavior-behavior","         */","            options = {};","            local.buildReadme(options, onError);","        };","","        local.testCase_buildTest_default = local.testCase_buildTest_default || function (","            options,","            onError","        ) {","        /*","         * this function will test buildTest's default handling-behavior","         */","            options = {};","            local.buildTest(options, onError);","        };","","        local.testCase_webpage_default = local.testCase_webpage_default || function (","            options,","            onError","        ) {","        /*","         * this function will test webpage's default handling-behavior","         */","            options = { modeCoverageMerge: true, url: local.serverLocalHost + '?modeTest=1' };","            local.browserTest(options, onError);","        };","","        // run test-server","        local.testRunServer(local);","        break;","    }","}());",""],"l":{"12":2,"14":2,"19":2,"21":2,"23":2,"24":2,"25":2,"30":1,"37":2,"40":2,"43":1,"47":1,"50":1,"52":1,"55":2,"61":2,"62":2,"64":2,"70":1,"76":1,"82":2,"83":2,"85":2,"91":1,"98":1,"102":1,"105":1,"112":1,"119":1,"120":1,"123":1,"130":1,"131":1,"132":1,"133":1,"134":1,"135":1,"138":1,"143":2,"144":2,"147":1,"154":2,"155":2,"158":1,"165":2,"166":2,"169":1,"176":2,"177":2,"180":1,"187":1,"188":1,"192":1,"193":1}},"/home/travis/build/npmtest/node-npmtest-blazy/lib.npmtest_blazy.js":{"path":"/home/travis/build/npmtest/node-npmtest-blazy/lib.npmtest_blazy.js","s":{"1":2,"2":2,"3":2,"4":2,"5":2,"6":2,"7":2,"8":1,"9":2,"10":2,"11":2,"12":2,"13":1,"14":1,"15":1,"16":1},"b":{"1":[2,1,1,1],"2":[1,1,1,1],"3":[1,1],"4":[2,2],"5":[1,1]},"f":{"1":2,"2":2,"3":2},"fnMap":{"1":{"name":"(anonymous_1)","line":12,"loc":{"start":{"line":12,"column":1},"end":{"line":12,"column":13}}},"2":{"name":"(anonymous_2)","line":19,"loc":{"start":{"line":19,"column":5},"end":{"line":19,"column":17}}},"3":{"name":"(anonymous_3)","line":23,"loc":{"start":{"line":23,"column":24},"end":{"line":23,"column":36}}}},"statementMap":{"1":{"start":{"line":12,"column":0},"end":{"line":53,"column":5}},"2":{"start":{"line":14,"column":4},"end":{"line":14,"column":14}},"3":{"start":{"line":19,"column":4},"end":{"line":52,"column":9}},"4":{"start":{"line":21,"column":8},"end":{"line":21,"column":19}},"5":{"start":{"line":23,"column":8},"end":{"line":35,"column":13}},"6":{"start":{"line":24,"column":12},"end":{"line":34,"column":13}},"7":{"start":{"line":25,"column":16},"end":{"line":28,"column":30}},"8":{"start":{"line":30,"column":16},"end":{"line":33,"column":27}},"9":{"start":{"line":37,"column":8},"end":{"line":39,"column":21}},"10":{"start":{"line":41,"column":8},"end":{"line":41,"column":54}},"11":{"start":{"line":43,"column":8},"end":{"line":43,"column":50}},"12":{"start":{"line":45,"column":8},"end":{"line":51,"column":9}},"13":{"start":{"line":46,"column":12},"end":{"line":46,"column":56}},"14":{"start":{"line":48,"column":12},"end":{"line":48,"column":35}},"15":{"start":{"line":49,"column":12},"end":{"line":49,"column":49}},"16":{"start":{"line":50,"column":12},"end":{"line":50,"column":43}}},"branchMap":{"1":{"line":25,"type":"binary-expr","locations":[{"start":{"line":25,"column":23},"end":{"line":25,"column":62}},{"start":{"line":26,"column":20},"end":{"line":26,"column":70}},{"start":{"line":27,"column":20},"end":{"line":27,"column":71}},{"start":{"line":28,"column":20},"end":{"line":28,"column":29}}]},"2":{"line":30,"type":"binary-expr","locations":[{"start":{"line":30,"column":23},"end":{"line":30,"column":37}},{"start":{"line":31,"column":20},"end":{"line":31,"column":61}},{"start":{"line":32,"column":20},"end":{"line":32,"column":70}},{"start":{"line":33,"column":20},"end":{"line":33,"column":26}}]},"3":{"line":37,"type":"cond-expr","locations":[{"start":{"line":38,"column":14},"end":{"line":38,"column":20}},{"start":{"line":39,"column":14},"end":{"line":39,"column":20}}]},"4":{"line":41,"type":"binary-expr","locations":[{"start":{"line":41,"column":16},"end":{"line":41,"column":44}},{"start":{"line":41,"column":48},"end":{"line":41,"column":53}}]},"5":{"line":45,"type":"if","locations":[{"start":{"line":45,"column":8},"end":{"line":45,"column":8}},{"start":{"line":45,"column":8},"end":{"line":45,"column":8}}]}},"code":["/* istanbul instrument in package npmtest_blazy */","/*jslint","    bitwise: true,","    browser: true,","    maxerr: 8,","    maxlen: 96,","    node: true,","    nomen: true,","    regexp: true,","    stupid: true","*/","(function () {","    'use strict';","    var local;","","","","    // run shared js-env code - pre-init","    (function () {","        // init local","        local = {};","        // init modeJs","        local.modeJs = (function () {","            try {","                return typeof navigator.userAgent === 'string' &&","                    typeof document.querySelector('body') === 'object' &&","                    typeof XMLHttpRequest.prototype.open === 'function' &&","                    'browser';","            } catch (errorCaughtBrowser) {","                return module.exports &&","                    typeof process.versions.node === 'string' &&","                    typeof require('http').createServer === 'function' &&","                    'node';","            }","        }());","        // init global","        local.global = local.modeJs === 'browser'","            ? window","            : global;","        // init utility2_rollup","        local = local.global.utility2_rollup || local;","        // init lib","        local.local = local.npmtest_blazy = local;","        // init exports","        if (local.modeJs === 'browser') {","            local.global.utility2_npmtest_blazy = local;","        } else {","            module.exports = local;","            module.exports.__dirname = __dirname;","            module.exports.module = module;","        }","    }());","}());",""],"l":{"12":2,"14":2,"19":2,"21":2,"23":2,"24":2,"25":2,"30":1,"37":2,"41":2,"43":2,"45":2,"46":1,"48":1,"49":1,"50":1}},"/home/travis/build/npmtest/node-npmtest-blazy/example.js":{"path":"/home/travis/build/npmtest/node-npmtest-blazy/example.js","s":{"1":2,"2":2,"3":2,"4":2,"5":2,"6":2,"7":2,"8":1,"9":2,"10":2,"11":2,"12":2,"13":1,"14":2,"15":2,"16":2,"17":2,"18":2,"19":0,"20":2,"21":1,"22":1,"23":1,"24":1,"25":1,"26":0,"27":0,"28":1,"29":1,"30":2,"31":0,"32":0,"33":0,"34":1,"35":2,"36":2,"37":3,"38":3,"39":3,"40":3,"41":0,"42":3,"43":3,"44":3,"45":1,"46":3,"47":1,"48":1,"49":1,"50":1,"51":1,"52":1,"53":1,"54":1,"55":1,"56":1,"57":0,"58":1,"59":6,"60":6,"61":1,"62":2,"63":0,"64":2,"65":1,"66":1,"67":0,"68":0,"69":0,"70":0,"71":0,"72":0,"73":0,"74":0,"75":0,"76":0,"77":0,"78":0,"79":0,"80":0,"81":0,"82":0,"83":0},"b":{"1":[2,1,1,1],"2":[1,1,1,1],"3":[1,1],"4":[2,2],"5":[1,1],"6":[1,1],"7":[2,0],"8":[2,1,1,1,1,1],"9":[0,2,0],"10":[1,1],"11":[2,1,1],"12":[1,0],"13":[0,2],"14":[2,0,0,0,0,0,0],"15":[0,3],"16":[3,0],"17":[1,1],"18":[0,1],"19":[1,2,0,2],"20":[1,0],"21":[1,1],"22":[0,0],"23":[0,0],"24":[0,0],"25":[0,0],"26":[0,0],"27":[0,0],"28":[0,0]},"f":{"1":2,"2":2,"3":2,"4":2,"5":2,"6":2,"7":3,"8":3,"9":3,"10":1,"11":6,"12":0},"fnMap":{"1":{"name":"(anonymous_1)","line":26,"loc":{"start":{"line":26,"column":1},"end":{"line":26,"column":13}}},"2":{"name":"(anonymous_2)","line":33,"loc":{"start":{"line":33,"column":5},"end":{"line":33,"column":17}}},"3":{"name":"(anonymous_3)","line":37,"loc":{"start":{"line":37,"column":24},"end":{"line":37,"column":36}}},"4":{"name":"(anonymous_4)","line":69,"loc":{"start":{"line":69,"column":31},"end":{"line":69,"column":48}},"skip":true},"5":{"name":"(anonymous_5)","line":78,"loc":{"start":{"line":78,"column":26},"end":{"line":78,"column":45}},"skip":true},"6":{"name":"(anonymous_6)","line":123,"loc":{"start":{"line":123,"column":33},"end":{"line":123,"column":48}},"skip":true},"7":{"name":"(anonymous_7)","line":125,"loc":{"start":{"line":125,"column":27},"end":{"line":125,"column":39}},"skip":true},"8":{"name":"(anonymous_8)","line":133,"loc":{"start":{"line":133,"column":59},"end":{"line":133,"column":74}},"skip":true},"9":{"name":"(anonymous_9)","line":143,"loc":{"start":{"line":143,"column":45},"end":{"line":143,"column":62}},"skip":true},"10":{"name":"(anonymous_10)","line":144,"loc":{"start":{"line":144,"column":73},"end":{"line":144,"column":92}},"skip":true},"11":{"name":"(anonymous_11)","line":272,"loc":{"start":{"line":272,"column":51},"end":{"line":272,"column":77}},"skip":true},"12":{"name":"(anonymous_12)","line":315,"loc":{"start":{"line":315,"column":32},"end":{"line":315,"column":61}},"skip":true}},"statementMap":{"1":{"start":{"line":26,"column":0},"end":{"line":326,"column":5}},"2":{"start":{"line":28,"column":4},"end":{"line":28,"column":14}},"3":{"start":{"line":33,"column":4},"end":{"line":60,"column":9}},"4":{"start":{"line":35,"column":8},"end":{"line":35,"column":19}},"5":{"start":{"line":37,"column":8},"end":{"line":49,"column":13}},"6":{"start":{"line":38,"column":12},"end":{"line":48,"column":13}},"7":{"start":{"line":39,"column":16},"end":{"line":42,"column":30}},"8":{"start":{"line":44,"column":16},"end":{"line":47,"column":27}},"9":{"start":{"line":51,"column":8},"end":{"line":53,"column":21}},"10":{"start":{"line":55,"column":8},"end":{"line":57,"column":45}},"11":{"start":{"line":59,"column":8},"end":{"line":59,"column":35}},"12":{"start":{"line":61,"column":4},"end":{"line":325,"column":5}},"13":{"start":{"line":69,"column":8},"end":{"line":121,"column":10},"skip":true},"14":{"start":{"line":70,"column":12},"end":{"line":88,"column":13},"skip":true},"15":{"start":{"line":76,"column":16},"end":{"line":87,"column":19},"skip":true},"16":{"start":{"line":79,"column":20},"end":{"line":86,"column":21},"skip":true},"17":{"start":{"line":82,"column":24},"end":{"line":82,"column":43},"skip":true},"18":{"start":{"line":83,"column":24},"end":{"line":83,"column":30},"skip":true},"19":{"start":{"line":85,"column":24},"end":{"line":85,"column":49},"skip":true},"20":{"start":{"line":89,"column":12},"end":{"line":107,"column":13},"skip":true},"21":{"start":{"line":92,"column":16},"end":{"line":102,"column":17},"skip":true},"22":{"start":{"line":93,"column":20},"end":{"line":93,"column":86},"skip":true},"23":{"start":{"line":94,"column":20},"end":{"line":95,"column":45},"skip":true},"24":{"start":{"line":96,"column":20},"end":{"line":96,"column":42},"skip":true},"25":{"start":{"line":97,"column":20},"end":{"line":97,"column":48},"skip":true},"26":{"start":{"line":100,"column":20},"end":{"line":100,"column":85},"skip":true},"27":{"start":{"line":101,"column":20},"end":{"line":101,"column":96},"skip":true},"28":{"start":{"line":103,"column":16},"end":{"line":103,"column":22},"skip":true},"29":{"start":{"line":106,"column":16},"end":{"line":106,"column":22},"skip":true},"30":{"start":{"line":108,"column":12},"end":{"line":120,"column":13},"skip":true},"31":{"start":{"line":114,"column":16},"end":{"line":119,"column":17},"skip":true},"32":{"start":{"line":116,"column":20},"end":{"line":116,"column":78},"skip":true},"33":{"start":{"line":118,"column":20},"end":{"line":118,"column":47},"skip":true},"34":{"start":{"line":123,"column":8},"end":{"line":141,"column":11},"skip":true},"35":{"start":{"line":124,"column":12},"end":{"line":124,"column":54},"skip":true},"36":{"start":{"line":125,"column":12},"end":{"line":140,"column":14},"skip":true},"37":{"start":{"line":126,"column":16},"end":{"line":126,"column":28},"skip":true},"38":{"start":{"line":127,"column":16},"end":{"line":127,"column":69},"skip":true},"39":{"start":{"line":128,"column":16},"end":{"line":128,"column":75},"skip":true},"40":{"start":{"line":129,"column":16},"end":{"line":131,"column":17},"skip":true},"41":{"start":{"line":130,"column":20},"end":{"line":130,"column":27},"skip":true},"42":{"start":{"line":133,"column":16},"end":{"line":137,"column":36},"skip":true},"43":{"start":{"line":134,"column":20},"end":{"line":136,"column":55},"skip":true},"44":{"start":{"line":139,"column":16},"end":{"line":139,"column":57},"skip":true},"45":{"start":{"line":143,"column":8},"end":{"line":147,"column":11},"skip":true},"46":{"start":{"line":144,"column":12},"end":{"line":146,"column":15},"skip":true},"47":{"start":{"line":145,"column":16},"end":{"line":145,"column":70},"skip":true},"48":{"start":{"line":149,"column":8},"end":{"line":149,"column":31},"skip":true},"49":{"start":{"line":150,"column":8},"end":{"line":150,"column":14},"skip":true},"50":{"start":{"line":158,"column":8},"end":{"line":158,"column":31},"skip":true},"51":{"start":{"line":160,"column":8},"end":{"line":160,"column":33},"skip":true},"52":{"start":{"line":161,"column":8},"end":{"line":161,"column":37},"skip":true},"53":{"start":{"line":162,"column":8},"end":{"line":162,"column":35},"skip":true},"54":{"start":{"line":164,"column":8},"end":{"line":164,"column":50},"skip":true},"55":{"start":{"line":166,"column":8},"end":{"line":256,"column":2},"skip":true},"56":{"start":{"line":258,"column":8},"end":{"line":286,"column":9},"skip":true},"57":{"start":{"line":259,"column":12},"end":{"line":269,"column":14},"skip":true},"58":{"start":{"line":271,"column":12},"end":{"line":285,"column":19},"skip":true},"59":{"start":{"line":274,"column":20},"end":{"line":274,"column":35},"skip":true},"60":{"start":{"line":275,"column":20},"end":{"line":284,"column":21},"skip":true},"61":{"start":{"line":277,"column":24},"end":{"line":277,"column":64},"skip":true},"62":{"start":{"line":279,"column":24},"end":{"line":279,"column":40},"skip":true},"63":{"start":{"line":281,"column":24},"end":{"line":281,"column":40},"skip":true},"64":{"start":{"line":283,"column":24},"end":{"line":283,"column":39},"skip":true},"65":{"start":{"line":288,"column":8},"end":{"line":290,"column":9},"skip":true},"66":{"start":{"line":289,"column":12},"end":{"line":289,"column":18},"skip":true},"67":{"start":{"line":291,"column":8},"end":{"line":293,"column":54},"skip":true},"68":{"start":{"line":296,"column":8},"end":{"line":301,"column":37},"skip":true},"69":{"start":{"line":303,"column":8},"end":{"line":303,"column":82},"skip":true},"70":{"start":{"line":306,"column":8},"end":{"line":308,"column":9},"skip":true},"71":{"start":{"line":307,"column":12},"end":{"line":307,"column":82},"skip":true},"72":{"start":{"line":310,"column":8},"end":{"line":312,"column":9},"skip":true},"73":{"start":{"line":311,"column":12},"end":{"line":311,"column":18},"skip":true},"74":{"start":{"line":313,"column":8},"end":{"line":313,"column":54},"skip":true},"75":{"start":{"line":314,"column":8},"end":{"line":314,"column":69},"skip":true},"76":{"start":{"line":315,"column":8},"end":{"line":323,"column":36},"skip":true},"77":{"start":{"line":316,"column":12},"end":{"line":316,"column":61},"skip":true},"78":{"start":{"line":317,"column":12},"end":{"line":320,"column":13},"skip":true},"79":{"start":{"line":318,"column":16},"end":{"line":318,"column":75},"skip":true},"80":{"start":{"line":319,"column":16},"end":{"line":319,"column":23},"skip":true},"81":{"start":{"line":321,"column":12},"end":{"line":321,"column":38},"skip":true},"82":{"start":{"line":322,"column":12},"end":{"line":322,"column":27},"skip":true},"83":{"start":{"line":324,"column":8},"end":{"line":324,"column":14},"skip":true}},"branchMap":{"1":{"line":39,"type":"binary-expr","locations":[{"start":{"line":39,"column":23},"end":{"line":39,"column":62}},{"start":{"line":40,"column":20},"end":{"line":40,"column":70}},{"start":{"line":41,"column":20},"end":{"line":41,"column":71}},{"start":{"line":42,"column":20},"end":{"line":42,"column":29}}]},"2":{"line":44,"type":"binary-expr","locations":[{"start":{"line":44,"column":23},"end":{"line":44,"column":37}},{"start":{"line":45,"column":20},"end":{"line":45,"column":61}},{"start":{"line":46,"column":20},"end":{"line":46,"column":70}},{"start":{"line":47,"column":20},"end":{"line":47,"column":26}}]},"3":{"line":51,"type":"cond-expr","locations":[{"start":{"line":52,"column":14},"end":{"line":52,"column":20}},{"start":{"line":53,"column":14},"end":{"line":53,"column":20}}]},"4":{"line":55,"type":"binary-expr","locations":[{"start":{"line":55,"column":16},"end":{"line":55,"column":44}},{"start":{"line":55,"column":49},"end":{"line":57,"column":43}}]},"5":{"line":55,"type":"cond-expr","locations":[{"start":{"line":56,"column":14},"end":{"line":56,"column":49}},{"start":{"line":57,"column":14},"end":{"line":57,"column":43}}]},"6":{"line":61,"type":"switch","locations":[{"start":{"line":68,"column":4},"end":{"line":150,"column":14},"skip":true},{"start":{"line":156,"column":4},"end":{"line":324,"column":14},"skip":true}]},"7":{"line":70,"type":"if","locations":[{"start":{"line":70,"column":12},"end":{"line":70,"column":12},"skip":true},{"start":{"line":70,"column":12},"end":{"line":70,"column":12},"skip":true}]},"8":{"line":70,"type":"binary-expr","locations":[{"start":{"line":70,"column":16},"end":{"line":70,"column":22},"skip":true},{"start":{"line":70,"column":27},"end":{"line":70,"column":32},"skip":true},{"start":{"line":71,"column":20},"end":{"line":71,"column":39},"skip":true},{"start":{"line":72,"column":20},"end":{"line":72,"column":49},"skip":true},{"start":{"line":73,"column":20},"end":{"line":73,"column":58},"skip":true},{"start":{"line":74,"column":20},"end":{"line":74,"column":69},"skip":true}]},"9":{"line":79,"type":"switch","locations":[{"start":{"line":80,"column":20},"end":{"line":80,"column":33},"skip":true},{"start":{"line":81,"column":20},"end":{"line":83,"column":30},"skip":true},{"start":{"line":84,"column":20},"end":{"line":85,"column":49},"skip":true}]},"10":{"line":89,"type":"switch","locations":[{"start":{"line":90,"column":12},"end":{"line":103,"column":22},"skip":true},{"start":{"line":105,"column":12},"end":{"line":106,"column":22},"skip":true}]},"11":{"line":89,"type":"binary-expr","locations":[{"start":{"line":89,"column":20},"end":{"line":89,"column":25},"skip":true},{"start":{"line":89,"column":29},"end":{"line":89,"column":48},"skip":true},{"start":{"line":89,"column":52},"end":{"line":89,"column":74},"skip":true}]},"12":{"line":92,"type":"if","locations":[{"start":{"line":92,"column":16},"end":{"line":92,"column":16},"skip":true},{"start":{"line":92,"column":16},"end":{"line":92,"column":16},"skip":true}]},"13":{"line":108,"type":"if","locations":[{"start":{"line":108,"column":12},"end":{"line":108,"column":12},"skip":true},{"start":{"line":108,"column":12},"end":{"line":108,"column":12},"skip":true}]},"14":{"line":108,"type":"binary-expr","locations":[{"start":{"line":108,"column":16},"end":{"line":108,"column":61},"skip":true},{"start":{"line":108,"column":66},"end":{"line":108,"column":72},"skip":true},{"start":{"line":108,"column":77},"end":{"line":108,"column":82},"skip":true},{"start":{"line":109,"column":20},"end":{"line":109,"column":39},"skip":true},{"start":{"line":110,"column":20},"end":{"line":110,"column":49},"skip":true},{"start":{"line":111,"column":20},"end":{"line":111,"column":58},"skip":true},{"start":{"line":112,"column":20},"end":{"line":112,"column":68},"skip":true}]},"15":{"line":129,"type":"if","locations":[{"start":{"line":129,"column":16},"end":{"line":129,"column":16},"skip":true},{"start":{"line":129,"column":16},"end":{"line":129,"column":16},"skip":true}]},"16":{"line":134,"type":"cond-expr","locations":[{"start":{"line":135,"column":26},"end":{"line":135,"column":29},"skip":true},{"start":{"line":136,"column":26},"end":{"line":136,"column":54},"skip":true}]},"17":{"line":164,"type":"binary-expr","locations":[{"start":{"line":164,"column":27},"end":{"line":164,"column":43},"skip":true},{"start":{"line":164,"column":47},"end":{"line":164,"column":49},"skip":true}]},"18":{"line":258,"type":"if","locations":[{"start":{"line":258,"column":8},"end":{"line":258,"column":8},"skip":true},{"start":{"line":258,"column":8},"end":{"line":258,"column":8},"skip":true}]},"19":{"line":275,"type":"switch","locations":[{"start":{"line":276,"column":20},"end":{"line":277,"column":64},"skip":true},{"start":{"line":278,"column":20},"end":{"line":279,"column":40},"skip":true},{"start":{"line":280,"column":20},"end":{"line":281,"column":40},"skip":true},{"start":{"line":282,"column":20},"end":{"line":283,"column":39},"skip":true}]},"20":{"line":288,"type":"if","locations":[{"start":{"line":288,"column":8},"end":{"line":288,"column":8},"skip":true},{"start":{"line":288,"column":8},"end":{"line":288,"column":8},"skip":true}]},"21":{"line":288,"type":"binary-expr","locations":[{"start":{"line":288,"column":12},"end":{"line":288,"column":40},"skip":true},{"start":{"line":288,"column":44},"end":{"line":288,"column":67},"skip":true}]},"22":{"line":292,"type":"binary-expr","locations":[{"start":{"line":292,"column":12},"end":{"line":292,"column":50},"skip":true},{"start":{"line":293,"column":12},"end":{"line":293,"column":53},"skip":true}]},"23":{"line":297,"type":"binary-expr","locations":[{"start":{"line":297,"column":12},"end":{"line":297,"column":63},"skip":true},{"start":{"line":298,"column":12},"end":{"line":301,"column":36},"skip":true}]},"24":{"line":303,"type":"binary-expr","locations":[{"start":{"line":303,"column":43},"end":{"line":303,"column":75},"skip":true},{"start":{"line":303,"column":79},"end":{"line":303,"column":81},"skip":true}]},"25":{"line":306,"type":"if","locations":[{"start":{"line":306,"column":8},"end":{"line":306,"column":8},"skip":true},{"start":{"line":306,"column":8},"end":{"line":306,"column":8},"skip":true}]},"26":{"line":310,"type":"if","locations":[{"start":{"line":310,"column":8},"end":{"line":310,"column":8},"skip":true},{"start":{"line":310,"column":8},"end":{"line":310,"column":8},"skip":true}]},"27":{"line":313,"type":"binary-expr","locations":[{"start":{"line":313,"column":27},"end":{"line":313,"column":43},"skip":true},{"start":{"line":313,"column":47},"end":{"line":313,"column":53},"skip":true}]},"28":{"line":317,"type":"if","locations":[{"start":{"line":317,"column":12},"end":{"line":317,"column":12},"skip":true},{"start":{"line":317,"column":12},"end":{"line":317,"column":12},"skip":true}]}},"code":["/*","example.js","","quickstart example","","instruction","    1. save this script as example.js","    2. run the shell command:","        $ npm install npmtest-blazy && PORT=8081 node example.js","    3. play with the browser-demo on http://127.0.0.1:8081","*/","","","","/* istanbul instrument in package npmtest_blazy */","/*jslint","    bitwise: true,","    browser: true,","    maxerr: 8,","    maxlen: 96,","    node: true,","    nomen: true,","    regexp: true,","    stupid: true","*/","(function () {","    'use strict';","    var local;","","","","    // run shared js-env code - pre-init","    (function () {","        // init local","        local = {};","        // init modeJs","        local.modeJs = (function () {","            try {","                return typeof navigator.userAgent === 'string' &&","                    typeof document.querySelector('body') === 'object' &&","                    typeof XMLHttpRequest.prototype.open === 'function' &&","                    'browser';","            } catch (errorCaughtBrowser) {","                return module.exports &&","                    typeof process.versions.node === 'string' &&","                    typeof require('http').createServer === 'function' &&","                    'node';","            }","        }());","        // init global","        local.global = local.modeJs === 'browser'","            ? window","            : global;","        // init utility2_rollup","        local = local.global.utility2_rollup || (local.modeJs === 'browser'","            ? local.global.utility2_npmtest_blazy","            : global.utility2_moduleExports);","        // export local","        local.global.local = local;","    }());","    switch (local.modeJs) {","","","","    // post-init","    // run browser js-env code - post-init","    /* istanbul ignore next */","    case 'browser':","        local.testRunBrowser = function (event) {","            if (!event || (event &&","                    event.currentTarget &&","                    event.currentTarget.className &&","                    event.currentTarget.className.includes &&","                    event.currentTarget.className.includes('onreset'))) {","                // reset output","                Array.from(","                    document.querySelectorAll('body > .resettable')","                ).forEach(function (element) {","                    switch (element.tagName) {","                    case 'INPUT':","                    case 'TEXTAREA':","                        element.value = '';","                        break;","                    default:","                        element.textContent = '';","                    }","                });","            }","            switch (event && event.currentTarget && event.currentTarget.id) {","            case 'testRunButton1':","                // show tests","                if (document.querySelector('#testReportDiv1').style.display === 'none') {","                    document.querySelector('#testReportDiv1').style.display = 'block';","                    document.querySelector('#testRunButton1').textContent =","                        'hide internal test';","                    local.modeTest = true;","                    local.testRunDefault(local);","                // hide tests","                } else {","                    document.querySelector('#testReportDiv1').style.display = 'none';","                    document.querySelector('#testRunButton1').textContent = 'run internal test';","                }","                break;","            // custom-case","            default:","                break;","            }","            if (document.querySelector('#inputTextareaEval1') && (!event || (event &&","                    event.currentTarget &&","                    event.currentTarget.className &&","                    event.currentTarget.className.includes &&","                    event.currentTarget.className.includes('oneval')))) {","                // try to eval input-code","                try {","                    /*jslint evil: true*/","                    eval(document.querySelector('#inputTextareaEval1').value);","                } catch (errorCaught) {","                    console.error(errorCaught);","                }","            }","        };","        // log stderr and stdout to #outputTextareaStdout1","        ['error', 'log'].forEach(function (key) {","            console[key + '_original'] = console[key];","            console[key] = function () {","                var element;","                console[key + '_original'].apply(console, arguments);","                element = document.querySelector('#outputTextareaStdout1');","                if (!element) {","                    return;","                }","                // append text to #outputTextareaStdout1","                element.value += Array.from(arguments).map(function (arg) {","                    return typeof arg === 'string'","                        ? arg","                        : JSON.stringify(arg, null, 4);","                }).join(' ') + '\\n';","                // scroll textarea to bottom","                element.scrollTop = element.scrollHeight;","            };","        });","        // init event-handling","        ['change', 'click', 'keyup'].forEach(function (event) {","            Array.from(document.querySelectorAll('.on' + event)).forEach(function (element) {","                element.addEventListener(event, local.testRunBrowser);","            });","        });","        // run tests","        local.testRunBrowser();","        break;","","","","    // run node js-env code - post-init","    /* istanbul ignore next */","    case 'node':","        // export local","        module.exports = local;","        // require modules","        local.fs = require('fs');","        local.http = require('http');","        local.url = require('url');","        // init assets","        local.assetsDict = local.assetsDict || {};","        /* jslint-ignore-begin */","        local.assetsDict['/assets.index.template.html'] = '\\","<!doctype html>\\n\\","<html lang=\"en\">\\n\\","<head>\\n\\","<meta charset=\"UTF-8\">\\n\\","<meta name=\"viewport\" content=\"width=device-width, initial-scale=1\">\\n\\","<title>{{env.npm_package_name}} (v{{env.npm_package_version}})</title>\\n\\","<style>\\n\\","/*csslint\\n\\","    box-sizing: false,\\n\\","    universal-selector: false\\n\\","*/\\n\\","* {\\n\\","    box-sizing: border-box;\\n\\","}\\n\\","body {\\n\\","    background: #dde;\\n\\","    font-family: Arial, Helvetica, sans-serif;\\n\\","    margin: 2rem;\\n\\","}\\n\\","body > * {\\n\\","    margin-bottom: 1rem;\\n\\","}\\n\\",".utility2FooterDiv {\\n\\","    margin-top: 20px;\\n\\","    text-align: center;\\n\\","}\\n\\","</style>\\n\\","<style>\\n\\","/*csslint\\n\\","*/\\n\\","textarea {\\n\\","    font-family: monospace;\\n\\","    height: 10rem;\\n\\","    width: 100%;\\n\\","}\\n\\","textarea[readonly] {\\n\\","    background: #ddd;\\n\\","}\\n\\","</style>\\n\\","</head>\\n\\","<body>\\n\\","<!-- utility2-comment\\n\\","<div id=\"ajaxProgressDiv1\" style=\"background: #d00; height: 2px; left: 0; margin: 0; padding: 0; position: fixed; top: 0; transition: background 0.5s, width 1.5s; width: 25%;\"></div>\\n\\","utility2-comment -->\\n\\","<h1>\\n\\","<!-- utility2-comment\\n\\","    <a\\n\\","        {{#if env.npm_package_homepage}}\\n\\","        href=\"{{env.npm_package_homepage}}\"\\n\\","        {{/if env.npm_package_homepage}}\\n\\","        target=\"_blank\"\\n\\","    >\\n\\","utility2-comment -->\\n\\","        {{env.npm_package_name}} (v{{env.npm_package_version}})\\n\\","<!-- utility2-comment\\n\\","    </a>\\n\\","utility2-comment -->\\n\\","</h1>\\n\\","<h3>{{env.npm_package_description}}</h3>\\n\\","<!-- utility2-comment\\n\\","<h4><a download href=\"assets.app.js\">download standalone app</a></h4>\\n\\","<button class=\"onclick onreset\" id=\"testRunButton1\">run internal test</button><br>\\n\\","<div id=\"testReportDiv1\" style=\"display: none;\"></div>\\n\\","utility2-comment -->\\n\\","\\n\\","\\n\\","\\n\\","<label>stderr and stdout</label>\\n\\","<textarea class=\"resettable\" id=\"outputTextareaStdout1\" readonly></textarea>\\n\\","<!-- utility2-comment\\n\\","{{#if isRollup}}\\n\\","<script src=\"assets.app.js\"></script>\\n\\","{{#unless isRollup}}\\n\\","utility2-comment -->\\n\\","<script src=\"assets.utility2.rollup.js\"></script>\\n\\","<script src=\"jsonp.utility2._stateInit?callback=window.utility2._stateInit\"></script>\\n\\","<script src=\"assets.npmtest_blazy.rollup.js\"></script>\\n\\","<script src=\"assets.example.js\"></script>\\n\\","<script src=\"assets.test.js\"></script>\\n\\","<!-- utility2-comment\\n\\","{{/if isRollup}}\\n\\","utility2-comment -->\\n\\","<div class=\"utility2FooterDiv\">\\n\\","    [ this app was created with\\n\\","    <a href=\"https://github.com/kaizhu256/node-utility2\" target=\"_blank\">utility2</a>\\n\\","    ]\\n\\","</div>\\n\\","</body>\\n\\","</html>\\n\\","';","        /* jslint-ignore-end */","        if (local.templateRender) {","            local.assetsDict['/'] = local.templateRender(","                local.assetsDict['/assets.index.template.html'],","                {","                    env: local.objectSetDefault(local.env, {","                        npm_package_description: 'the greatest app in the world!',","                        npm_package_name: 'my-app',","                        npm_package_nameAlias: 'my_app',","                        npm_package_version: '0.0.1'","                    })","                }","            );","        } else {","            local.assetsDict['/'] = local.assetsDict['/assets.index.template.html']","                .replace((/\\{\\{env\\.(\\w+?)\\}\\}/g), function (match0, match1) {","                    // jslint-hack","                    String(match0);","                    switch (match1) {","                    case 'npm_package_description':","                        return 'the greatest app in the world!';","                    case 'npm_package_name':","                        return 'my-app';","                    case 'npm_package_nameAlias':","                        return 'my_app';","                    case 'npm_package_version':","                        return '0.0.1';","                    }","                });","        }","        // run the cli","        if (local.global.utility2_rollup || module !== require.main) {","            break;","        }","        local.assetsDict['/assets.example.js'] =","            local.assetsDict['/assets.example.js'] ||","            local.fs.readFileSync(__filename, 'utf8');","        // bug-workaround - long $npm_package_buildCustomOrg","        /* jslint-ignore-begin */","        local.assetsDict['/assets.npmtest_blazy.rollup.js'] =","            local.assetsDict['/assets.npmtest_blazy.rollup.js'] ||","            local.fs.readFileSync(","                local.npmtest_blazy.__dirname + '/lib.npmtest_blazy.js',","                'utf8'","            ).replace((/^#!/), '//');","        /* jslint-ignore-end */","        local.assetsDict['/favicon.ico'] = local.assetsDict['/favicon.ico'] || '';","        // if $npm_config_timeout_exit exists,","        // then exit this process after $npm_config_timeout_exit ms","        if (Number(process.env.npm_config_timeout_exit)) {","            setTimeout(process.exit, Number(process.env.npm_config_timeout_exit));","        }","        // start server","        if (local.global.utility2_serverHttp1) {","            break;","        }","        process.env.PORT = process.env.PORT || '8081';","        console.error('server starting on port ' + process.env.PORT);","        local.http.createServer(function (request, response) {","            request.urlParsed = local.url.parse(request.url);","            if (local.assetsDict[request.urlParsed.pathname] !== undefined) {","                response.end(local.assetsDict[request.urlParsed.pathname]);","                return;","            }","            response.statusCode = 404;","            response.end();","        }).listen(process.env.PORT);","        break;","    }","}());",""],"l":{"26":2,"28":2,"33":2,"35":2,"37":2,"38":2,"39":2,"44":1,"51":2,"55":2,"59":2,"61":2,"69":1,"70":2,"76":2,"79":2,"82":2,"83":2,"85":1,"89":2,"92":1,"93":1,"94":1,"96":1,"97":1,"100":1,"101":1,"103":1,"106":1,"108":2,"114":1,"116":1,"118":1,"123":1,"124":2,"125":2,"126":3,"127":3,"128":3,"129":3,"130":1,"133":3,"134":3,"139":3,"143":1,"144":3,"145":1,"149":1,"150":1,"158":1,"160":1,"161":1,"162":1,"164":1,"166":1,"258":1,"259":1,"271":1,"274":6,"275":6,"277":1,"279":2,"281":1,"283":2,"288":1,"289":1,"291":1,"296":1,"303":1,"306":1,"307":1,"310":1,"311":1,"313":1,"314":1,"315":1,"316":1,"317":1,"318":1,"319":1,"321":1,"322":1,"324":1}},"/home/travis/build/npmtest/node-npmtest-blazy/node_modules/blazy/blazy.js":{"path":"/home/travis/build/npmtest/node-npmtest-blazy/node_modules/blazy/blazy.js","s":{"1":1,"2":1,"3":0,"4":1,"5":1,"6":0,"7":1,"8":1,"9":0,"10":0,"11":0,"12":0,"13":0,"14":0,"15":0,"16":0,"17":0,"18":0,"19":0,"20":0,"21":0,"22":0,"23":0,"24":0,"25":0,"26":0,"27":0,"28":0,"29":0,"30":0,"31":0,"32":0,"33":0,"34":0,"35":0,"36":0,"37":0,"38":0,"39":0,"40":0,"41":0,"42":0,"43":0,"44":0,"45":0,"46":0,"47":0,"48":0,"49":0,"50":0,"51":0,"52":0,"53":0,"54":0,"55":0,"56":0,"57":0,"58":0,"59":0,"60":0,"61":0,"62":0,"63":0,"64":0,"65":0,"66":0,"67":0,"68":0,"69":0,"70":0,"71":0,"72":0,"73":0,"74":0,"75":1,"76":0,"77":0,"78":0,"79":0,"80":0,"81":0,"82":0,"83":0,"84":0,"85":0,"86":0,"87":0,"88":1,"89":0,"90":0,"91":0,"92":0,"93":0,"94":0,"95":0,"96":0,"97":0,"98":0,"99":1,"100":0,"101":0,"102":0,"103":0,"104":0,"105":0,"106":0,"107":0,"108":0,"109":0,"110":0,"111":0,"112":0,"113":0,"114":1,"115":0,"116":1,"117":0,"118":0,"119":0,"120":0,"121":0,"122":0,"123":0,"124":0,"125":0,"126":0,"127":0,"128":0,"129":0,"130":0,"131":0,"132":0,"133":0,"134":0,"135":0,"136":0,"137":0,"138":0,"139":0,"140":0,"141":0,"142":0,"143":0,"144":0,"145":0,"146":0,"147":0,"148":0,"149":0,"150":0,"151":0,"152":0,"153":0,"154":0,"155":0,"156":0,"157":0,"158":0,"159":1,"160":0,"161":0,"162":0,"163":0,"164":0,"165":0,"166":0,"167":1,"168":0,"169":0,"170":0,"171":0,"172":1,"173":0,"174":0,"175":0,"176":1,"177":0,"178":1,"179":0,"180":1,"181":0,"182":1,"183":0,"184":1,"185":0,"186":1,"187":0,"188":0,"189":1,"190":0,"191":0,"192":0,"193":0,"194":1,"195":0,"196":0,"197":1,"198":0,"199":0,"200":0,"201":1,"202":0,"203":0,"204":0,"205":1,"206":0,"207":0,"208":0,"209":1,"210":0,"211":0,"212":0,"213":0,"214":0,"215":0,"216":0},"b":{"1":[0,1],"2":[1,0],"3":[1,0],"4":[0,0],"5":[0,0],"6":[0,0],"7":[0,0],"8":[0,0],"9":[0,0],"10":[0,0],"11":[0,0],"12":[0,0],"13":[0,0],"14":[0,0],"15":[0,0],"16":[0,0],"17":[0,0],"18":[0,0],"19":[0,0],"20":[0,0],"21":[0,0],"22":[0,0],"23":[0,0],"24":[0,0],"25":[0,0],"26":[0,0],"27":[0,0],"28":[0,0],"29":[0,0],"30":[0,0],"31":[0,0],"32":[0,0],"33":[0,0],"34":[0,0],"35":[0,0],"36":[0,0],"37":[0,0],"38":[0,0],"39":[0,0,0,0],"40":[0,0],"41":[0,0,0,0,0],"42":[0,0],"43":[0,0],"44":[0,0],"45":[0,0],"46":[0,0],"47":[0,0],"48":[0,0],"49":[0,0],"50":[0,0],"51":[0,0],"52":[0,0],"53":[0,0],"54":[0,0],"55":[0,0],"56":[0,0],"57":[0,0],"58":[0,0],"59":[0,0],"60":[0,0],"61":[0,0],"62":[0,0],"63":[0,0],"64":[0,0],"65":[0,0],"66":[0,0],"67":[0,0],"68":[0,0]},"f":{"1":1,"2":1,"3":0,"4":0,"5":0,"6":0,"7":0,"8":0,"9":0,"10":0,"11":0,"12":0,"13":0,"14":0,"15":0,"16":0,"17":0,"18":0,"19":0,"20":0,"21":0,"22":0,"23":0,"24":0,"25":0,"26":0,"27":0,"28":0,"29":0,"30":0,"31":0,"32":0,"33":0,"34":0,"35":0,"36":0,"37":0,"38":0,"39":0,"40":0},"fnMap":{"1":{"name":"(anonymous_1)","line":7,"loc":{"start":{"line":7,"column":1},"end":{"line":7,"column":23}}},"2":{"name":"(anonymous_2)","line":20,"loc":{"start":{"line":20,"column":9},"end":{"line":20,"column":20}}},"3":{"name":"Blazy","line":27,"loc":{"start":{"line":27,"column":11},"end":{"line":27,"column":35}}},"4":{"name":"(anonymous_4)","line":31,"loc":{"start":{"line":31,"column":40},"end":{"line":31,"column":64}}},"5":{"name":"(anonymous_5)","line":73,"loc":{"start":{"line":73,"column":27},"end":{"line":73,"column":38}}},"6":{"name":"(anonymous_6)","line":76,"loc":{"start":{"line":76,"column":21},"end":{"line":76,"column":47}}},"7":{"name":"(anonymous_7)","line":81,"loc":{"start":{"line":81,"column":31},"end":{"line":81,"column":49}}},"8":{"name":"(anonymous_8)","line":86,"loc":{"start":{"line":86,"column":24},"end":{"line":86,"column":35}}},"9":{"name":"(anonymous_9)","line":89,"loc":{"start":{"line":89,"column":46},"end":{"line":89,"column":63}}},"10":{"name":"(anonymous_10)","line":102,"loc":{"start":{"line":102,"column":34},"end":{"line":102,"column":45}}},"11":{"name":"(anonymous_11)","line":105,"loc":{"start":{"line":105,"column":44},"end":{"line":105,"column":55}}},"12":{"name":"(anonymous_12)","line":111,"loc":{"start":{"line":111,"column":40},"end":{"line":111,"column":57}}},"13":{"name":"(anonymous_13)","line":119,"loc":{"start":{"line":119,"column":19},"end":{"line":119,"column":30}}},"14":{"name":"initialize","line":128,"loc":{"start":{"line":128,"column":4},"end":{"line":128,"column":30}}},"15":{"name":"(anonymous_15)","line":137,"loc":{"start":{"line":137,"column":45},"end":{"line":137,"column":62}}},"16":{"name":"validate","line":149,"loc":{"start":{"line":149,"column":4},"end":{"line":149,"column":28}}},"17":{"name":"elementInView","line":165,"loc":{"start":{"line":165,"column":4},"end":{"line":165,"column":41}}},"18":{"name":"inView","line":195,"loc":{"start":{"line":195,"column":4},"end":{"line":195,"column":35}}},"19":{"name":"loadElement","line":203,"loc":{"start":{"line":203,"column":4},"end":{"line":203,"column":46}}},"20":{"name":"(anonymous_20)","line":220,"loc":{"start":{"line":220,"column":41},"end":{"line":220,"column":52}}},"21":{"name":"(anonymous_21)","line":226,"loc":{"start":{"line":226,"column":40},"end":{"line":226,"column":51}}},"22":{"name":"(anonymous_22)","line":244,"loc":{"start":{"line":244,"column":68},"end":{"line":244,"column":85}}},"23":{"name":"(anonymous_23)","line":259,"loc":{"start":{"line":259,"column":61},"end":{"line":259,"column":78}}},"24":{"name":"itemLoaded","line":272,"loc":{"start":{"line":272,"column":4},"end":{"line":272,"column":38}}},"25":{"name":"(anonymous_25)","line":278,"loc":{"start":{"line":278,"column":34},"end":{"line":278,"column":51}}},"26":{"name":"handleSource","line":283,"loc":{"start":{"line":283,"column":4},"end":{"line":283,"column":47}}},"27":{"name":"handleSources","line":291,"loc":{"start":{"line":291,"column":4},"end":{"line":291,"column":44}}},"28":{"name":"setAttr","line":298,"loc":{"start":{"line":298,"column":4},"end":{"line":298,"column":38}}},"29":{"name":"getAttr","line":302,"loc":{"start":{"line":302,"column":4},"end":{"line":302,"column":32}}},"30":{"name":"removeAttr","line":306,"loc":{"start":{"line":306,"column":4},"end":{"line":306,"column":34}}},"31":{"name":"equal","line":310,"loc":{"start":{"line":310,"column":4},"end":{"line":310,"column":29}}},"32":{"name":"hasClass","line":314,"loc":{"start":{"line":314,"column":4},"end":{"line":314,"column":38}}},"33":{"name":"addClass","line":318,"loc":{"start":{"line":318,"column":4},"end":{"line":318,"column":38}}},"34":{"name":"toArray","line":324,"loc":{"start":{"line":324,"column":4},"end":{"line":324,"column":30}}},"35":{"name":"saveViewportOffset","line":331,"loc":{"start":{"line":331,"column":4},"end":{"line":331,"column":40}}},"36":{"name":"bindEvent","line":336,"loc":{"start":{"line":336,"column":4},"end":{"line":336,"column":38}}},"37":{"name":"unbindEvent","line":344,"loc":{"start":{"line":344,"column":4},"end":{"line":344,"column":40}}},"38":{"name":"each","line":352,"loc":{"start":{"line":352,"column":4},"end":{"line":352,"column":30}}},"39":{"name":"throttle","line":359,"loc":{"start":{"line":359,"column":4},"end":{"line":359,"column":43}}},"40":{"name":"(anonymous_40)","line":361,"loc":{"start":{"line":361,"column":15},"end":{"line":361,"column":26}}}},"statementMap":{"1":{"start":{"line":7,"column":0},"end":{"line":370,"column":3}},"2":{"start":{"line":8,"column":4},"end":{"line":19,"column":5}},"3":{"start":{"line":10,"column":8},"end":{"line":10,"column":22}},"4":{"start":{"line":11,"column":11},"end":{"line":19,"column":5}},"5":{"start":{"line":15,"column":8},"end":{"line":15,"column":33}},"6":{"start":{"line":18,"column":8},"end":{"line":18,"column":29}},"7":{"start":{"line":24,"column":4},"end":{"line":24,"column":97}},"8":{"start":{"line":27,"column":4},"end":{"line":123,"column":6}},"9":{"start":{"line":29,"column":8},"end":{"line":40,"column":9}},"10":{"start":{"line":30,"column":12},"end":{"line":30,"column":48}},"11":{"start":{"line":31,"column":12},"end":{"line":39,"column":14}},"12":{"start":{"line":32,"column":16},"end":{"line":32,"column":92}},"13":{"start":{"line":33,"column":16},"end":{"line":37,"column":17}},"14":{"start":{"line":34,"column":20},"end":{"line":34,"column":43}},"15":{"start":{"line":35,"column":20},"end":{"line":35,"column":81}},"16":{"start":{"line":35,"column":45},"end":{"line":35,"column":81}},"17":{"start":{"line":36,"column":20},"end":{"line":36,"column":36}},"18":{"start":{"line":38,"column":16},"end":{"line":38,"column":25}},"19":{"start":{"line":43,"column":8},"end":{"line":43,"column":25}},"20":{"start":{"line":44,"column":8},"end":{"line":44,"column":36}},"21":{"start":{"line":45,"column":8},"end":{"line":45,"column":27}},"22":{"start":{"line":46,"column":8},"end":{"line":46,"column":30}},"23":{"start":{"line":47,"column":8},"end":{"line":47,"column":38}},"24":{"start":{"line":48,"column":8},"end":{"line":48,"column":59}},"25":{"start":{"line":49,"column":8},"end":{"line":49,"column":59}},"26":{"start":{"line":50,"column":8},"end":{"line":50,"column":60}},"27":{"start":{"line":51,"column":8},"end":{"line":51,"column":63}},"28":{"start":{"line":52,"column":8},"end":{"line":52,"column":69}},"29":{"start":{"line":53,"column":8},"end":{"line":53,"column":65}},"30":{"start":{"line":54,"column":8},"end":{"line":54,"column":63}},"31":{"start":{"line":55,"column":8},"end":{"line":55,"column":129}},"32":{"start":{"line":56,"column":8},"end":{"line":56,"column":73}},"33":{"start":{"line":57,"column":8},"end":{"line":57,"column":71}},"34":{"start":{"line":58,"column":8},"end":{"line":58,"column":75}},"35":{"start":{"line":59,"column":8},"end":{"line":59,"column":78}},"36":{"start":{"line":60,"column":8},"end":{"line":60,"column":72}},"37":{"start":{"line":61,"column":8},"end":{"line":61,"column":92}},"38":{"start":{"line":62,"column":8},"end":{"line":62,"column":69}},"39":{"start":{"line":63,"column":8},"end":{"line":63,"column":70}},"40":{"start":{"line":64,"column":8},"end":{"line":64,"column":52}},"41":{"start":{"line":65,"column":8},"end":{"line":65,"column":48}},"42":{"start":{"line":66,"column":8},"end":{"line":66,"column":23}},"43":{"start":{"line":67,"column":8},"end":{"line":67,"column":49}},"44":{"start":{"line":68,"column":8},"end":{"line":68,"column":50}},"45":{"start":{"line":73,"column":8},"end":{"line":75,"column":10}},"46":{"start":{"line":74,"column":12},"end":{"line":74,"column":30}},"47":{"start":{"line":76,"column":8},"end":{"line":85,"column":10}},"48":{"start":{"line":77,"column":12},"end":{"line":77,"column":35}},"49":{"start":{"line":78,"column":12},"end":{"line":84,"column":13}},"50":{"start":{"line":79,"column":16},"end":{"line":79,"column":50}},"51":{"start":{"line":81,"column":16},"end":{"line":83,"column":19}},"52":{"start":{"line":82,"column":20},"end":{"line":82,"column":53}},"53":{"start":{"line":86,"column":8},"end":{"line":99,"column":10}},"54":{"start":{"line":87,"column":12},"end":{"line":87,"column":35}},"55":{"start":{"line":88,"column":12},"end":{"line":92,"column":13}},"56":{"start":{"line":89,"column":16},"end":{"line":91,"column":19}},"57":{"start":{"line":90,"column":20},"end":{"line":90,"column":66}},"58":{"start":{"line":93,"column":12},"end":{"line":93,"column":58}},"59":{"start":{"line":94,"column":12},"end":{"line":94,"column":58}},"60":{"start":{"line":95,"column":12},"end":{"line":95,"column":68}},"61":{"start":{"line":96,"column":12},"end":{"line":96,"column":27}},"62":{"start":{"line":97,"column":12},"end":{"line":97,"column":37}},"63":{"start":{"line":98,"column":12},"end":{"line":98,"column":34}},"64":{"start":{"line":102,"column":8},"end":{"line":104,"column":47}},"65":{"start":{"line":103,"column":12},"end":{"line":103,"column":28}},"66":{"start":{"line":105,"column":8},"end":{"line":107,"column":57}},"67":{"start":{"line":106,"column":12},"end":{"line":106,"column":53}},"68":{"start":{"line":108,"column":8},"end":{"line":108,"column":49}},"69":{"start":{"line":111,"column":8},"end":{"line":116,"column":11}},"70":{"start":{"line":112,"column":12},"end":{"line":115,"column":13}},"71":{"start":{"line":113,"column":16},"end":{"line":113,"column":37}},"72":{"start":{"line":114,"column":16},"end":{"line":114,"column":29}},"73":{"start":{"line":119,"column":8},"end":{"line":121,"column":11}},"74":{"start":{"line":120,"column":12},"end":{"line":120,"column":30}},"75":{"start":{"line":128,"column":4},"end":{"line":147,"column":5}},"76":{"start":{"line":129,"column":8},"end":{"line":129,"column":30}},"77":{"start":{"line":131,"column":8},"end":{"line":131,"column":46}},"78":{"start":{"line":132,"column":8},"end":{"line":132,"column":42}},"79":{"start":{"line":134,"column":8},"end":{"line":144,"column":9}},"80":{"start":{"line":135,"column":12},"end":{"line":135,"column":35}},"81":{"start":{"line":136,"column":12},"end":{"line":140,"column":13}},"82":{"start":{"line":137,"column":16},"end":{"line":139,"column":19}},"83":{"start":{"line":138,"column":20},"end":{"line":138,"column":64}},"84":{"start":{"line":141,"column":12},"end":{"line":141,"column":66}},"85":{"start":{"line":142,"column":12},"end":{"line":142,"column":56}},"86":{"start":{"line":143,"column":12},"end":{"line":143,"column":56}},"87":{"start":{"line":146,"column":8},"end":{"line":146,"column":23}},"88":{"start":{"line":149,"column":4},"end":{"line":163,"column":5}},"89":{"start":{"line":150,"column":8},"end":{"line":150,"column":30}},"90":{"start":{"line":151,"column":8},"end":{"line":159,"column":9}},"91":{"start":{"line":152,"column":12},"end":{"line":152,"column":43}},"92":{"start":{"line":153,"column":12},"end":{"line":158,"column":13}},"93":{"start":{"line":154,"column":16},"end":{"line":154,"column":35}},"94":{"start":{"line":155,"column":16},"end":{"line":155,"column":43}},"95":{"start":{"line":156,"column":16},"end":{"line":156,"column":29}},"96":{"start":{"line":157,"column":16},"end":{"line":157,"column":20}},"97":{"start":{"line":160,"column":8},"end":{"line":162,"column":9}},"98":{"start":{"line":161,"column":12},"end":{"line":161,"column":27}},"99":{"start":{"line":165,"column":4},"end":{"line":193,"column":5}},"100":{"start":{"line":166,"column":8},"end":{"line":166,"column":47}},"101":{"start":{"line":168,"column":8},"end":{"line":191,"column":9}},"102":{"start":{"line":170,"column":12},"end":{"line":170,"column":71}},"103":{"start":{"line":171,"column":12},"end":{"line":190,"column":13}},"104":{"start":{"line":172,"column":16},"end":{"line":172,"column":77}},"105":{"start":{"line":174,"column":16},"end":{"line":189,"column":17}},"106":{"start":{"line":175,"column":20},"end":{"line":175,"column":65}},"107":{"start":{"line":176,"column":20},"end":{"line":176,"column":69}},"108":{"start":{"line":177,"column":20},"end":{"line":177,"column":71}},"109":{"start":{"line":178,"column":20},"end":{"line":178,"column":67}},"110":{"start":{"line":179,"column":20},"end":{"line":184,"column":22}},"111":{"start":{"line":186,"column":20},"end":{"line":186,"column":65}},"112":{"start":{"line":188,"column":20},"end":{"line":188,"column":33}},"113":{"start":{"line":192,"column":8},"end":{"line":192,"column":39}},"114":{"start":{"line":195,"column":4},"end":{"line":201,"column":5}},"115":{"start":{"line":197,"column":8},"end":{"line":200,"column":43}},"116":{"start":{"line":203,"column":4},"end":{"line":270,"column":5}},"117":{"start":{"line":205,"column":8},"end":{"line":269,"column":9}},"118":{"start":{"line":206,"column":12},"end":{"line":206,"column":77}},"119":{"start":{"line":207,"column":12},"end":{"line":268,"column":13}},"120":{"start":{"line":208,"column":16},"end":{"line":208,"column":71}},"121":{"start":{"line":209,"column":16},"end":{"line":209,"column":91}},"122":{"start":{"line":210,"column":16},"end":{"line":210,"column":58}},"123":{"start":{"line":211,"column":16},"end":{"line":211,"column":48}},"124":{"start":{"line":212,"column":16},"end":{"line":212,"column":44}},"125":{"start":{"line":213,"column":16},"end":{"line":213,"column":67}},"126":{"start":{"line":215,"column":16},"end":{"line":255,"column":17}},"127":{"start":{"line":216,"column":20},"end":{"line":216,"column":42}},"128":{"start":{"line":220,"column":20},"end":{"line":225,"column":22}},"129":{"start":{"line":221,"column":24},"end":{"line":221,"column":73}},"130":{"start":{"line":221,"column":43},"end":{"line":221,"column":73}},"131":{"start":{"line":222,"column":24},"end":{"line":222,"column":58}},"132":{"start":{"line":223,"column":24},"end":{"line":223,"column":66}},"133":{"start":{"line":224,"column":24},"end":{"line":224,"column":64}},"134":{"start":{"line":226,"column":20},"end":{"line":239,"column":22}},"135":{"start":{"line":228,"column":24},"end":{"line":235,"column":25}},"136":{"start":{"line":229,"column":28},"end":{"line":231,"column":29}},"137":{"start":{"line":230,"column":32},"end":{"line":230,"column":64}},"138":{"start":{"line":234,"column":28},"end":{"line":234,"column":77}},"139":{"start":{"line":236,"column":24},"end":{"line":236,"column":49}},"140":{"start":{"line":237,"column":24},"end":{"line":237,"column":64}},"141":{"start":{"line":238,"column":24},"end":{"line":238,"column":66}},"142":{"start":{"line":242,"column":20},"end":{"line":247,"column":21}},"143":{"start":{"line":243,"column":24},"end":{"line":243,"column":34}},"144":{"start":{"line":244,"column":24},"end":{"line":246,"column":27}},"145":{"start":{"line":245,"column":28},"end":{"line":245,"column":78}},"146":{"start":{"line":248,"column":20},"end":{"line":248,"column":60}},"147":{"start":{"line":249,"column":20},"end":{"line":249,"column":58}},"148":{"start":{"line":250,"column":20},"end":{"line":250,"column":52}},"149":{"start":{"line":253,"column":20},"end":{"line":253,"column":34}},"150":{"start":{"line":254,"column":20},"end":{"line":254,"column":45}},"151":{"start":{"line":258,"column":16},"end":{"line":267,"column":17}},"152":{"start":{"line":259,"column":20},"end":{"line":261,"column":23}},"153":{"start":{"line":260,"column":24},"end":{"line":260,"column":68}},"154":{"start":{"line":262,"column":20},"end":{"line":262,"column":31}},"155":{"start":{"line":263,"column":20},"end":{"line":263,"column":45}},"156":{"start":{"line":265,"column":20},"end":{"line":265,"column":69}},"157":{"start":{"line":265,"column":39},"end":{"line":265,"column":69}},"158":{"start":{"line":266,"column":20},"end":{"line":266,"column":54}},"159":{"start":{"line":272,"column":4},"end":{"line":281,"column":5}},"160":{"start":{"line":273,"column":8},"end":{"line":273,"column":44}},"161":{"start":{"line":274,"column":8},"end":{"line":274,"column":50}},"162":{"start":{"line":274,"column":29},"end":{"line":274,"column":50}},"163":{"start":{"line":276,"column":8},"end":{"line":276,"column":37}},"164":{"start":{"line":277,"column":8},"end":{"line":277,"column":40}},"165":{"start":{"line":278,"column":8},"end":{"line":280,"column":11}},"166":{"start":{"line":279,"column":12},"end":{"line":279,"column":40}},"167":{"start":{"line":283,"column":4},"end":{"line":289,"column":5}},"168":{"start":{"line":284,"column":8},"end":{"line":284,"column":45}},"169":{"start":{"line":285,"column":8},"end":{"line":288,"column":9}},"170":{"start":{"line":286,"column":12},"end":{"line":286,"column":40}},"171":{"start":{"line":287,"column":12},"end":{"line":287,"column":38}},"172":{"start":{"line":291,"column":4},"end":{"line":296,"column":5}},"173":{"start":{"line":292,"column":8},"end":{"line":294,"column":9}},"174":{"start":{"line":293,"column":12},"end":{"line":293,"column":46}},"175":{"start":{"line":295,"column":8},"end":{"line":295,"column":22}},"176":{"start":{"line":298,"column":4},"end":{"line":300,"column":5}},"177":{"start":{"line":299,"column":8},"end":{"line":299,"column":38}},"178":{"start":{"line":302,"column":4},"end":{"line":304,"column":5}},"179":{"start":{"line":303,"column":8},"end":{"line":303,"column":38}},"180":{"start":{"line":306,"column":4},"end":{"line":308,"column":5}},"181":{"start":{"line":307,"column":8},"end":{"line":307,"column":34}},"182":{"start":{"line":310,"column":4},"end":{"line":312,"column":5}},"183":{"start":{"line":311,"column":8},"end":{"line":311,"column":50}},"184":{"start":{"line":314,"column":4},"end":{"line":316,"column":5}},"185":{"start":{"line":315,"column":8},"end":{"line":315,"column":81}},"186":{"start":{"line":318,"column":4},"end":{"line":322,"column":5}},"187":{"start":{"line":319,"column":8},"end":{"line":321,"column":9}},"188":{"start":{"line":320,"column":12},"end":{"line":320,"column":45}},"189":{"start":{"line":324,"column":4},"end":{"line":329,"column":5}},"190":{"start":{"line":325,"column":8},"end":{"line":325,"column":23}},"191":{"start":{"line":326,"column":8},"end":{"line":326,"column":73}},"192":{"start":{"line":327,"column":8},"end":{"line":327,"column":73}},"193":{"start":{"line":328,"column":8},"end":{"line":328,"column":21}},"194":{"start":{"line":331,"column":4},"end":{"line":334,"column":5}},"195":{"start":{"line":332,"column":8},"end":{"line":332,"column":98}},"196":{"start":{"line":333,"column":8},"end":{"line":333,"column":95}},"197":{"start":{"line":336,"column":4},"end":{"line":342,"column":5}},"198":{"start":{"line":337,"column":8},"end":{"line":341,"column":9}},"199":{"start":{"line":338,"column":12},"end":{"line":338,"column":64}},"200":{"start":{"line":340,"column":12},"end":{"line":340,"column":78}},"201":{"start":{"line":344,"column":4},"end":{"line":350,"column":5}},"202":{"start":{"line":345,"column":8},"end":{"line":349,"column":9}},"203":{"start":{"line":346,"column":12},"end":{"line":346,"column":64}},"204":{"start":{"line":348,"column":12},"end":{"line":348,"column":81}},"205":{"start":{"line":352,"column":4},"end":{"line":357,"column":5}},"206":{"start":{"line":353,"column":8},"end":{"line":356,"column":9}},"207":{"start":{"line":354,"column":12},"end":{"line":354,"column":34}},"208":{"start":{"line":355,"column":12},"end":{"line":355,"column":72}},"209":{"start":{"line":359,"column":4},"end":{"line":369,"column":5}},"210":{"start":{"line":360,"column":8},"end":{"line":360,"column":25}},"211":{"start":{"line":361,"column":8},"end":{"line":368,"column":10}},"212":{"start":{"line":362,"column":12},"end":{"line":362,"column":34}},"213":{"start":{"line":363,"column":12},"end":{"line":365,"column":13}},"214":{"start":{"line":364,"column":16},"end":{"line":364,"column":23}},"215":{"start":{"line":366,"column":12},"end":{"line":366,"column":27}},"216":{"start":{"line":367,"column":12},"end":{"line":367,"column":39}}},"branchMap":{"1":{"line":8,"type":"if","locations":[{"start":{"line":8,"column":4},"end":{"line":8,"column":4}},{"start":{"line":8,"column":4},"end":{"line":8,"column":4}}]},"2":{"line":8,"type":"binary-expr","locations":[{"start":{"line":8,"column":8},"end":{"line":8,"column":36}},{"start":{"line":8,"column":40},"end":{"line":8,"column":50}}]},"3":{"line":11,"type":"if","locations":[{"start":{"line":11,"column":11},"end":{"line":11,"column":11}},{"start":{"line":11,"column":11},"end":{"line":11,"column":11}}]},"4":{"line":29,"type":"if","locations":[{"start":{"line":29,"column":8},"end":{"line":29,"column":8}},{"start":{"line":29,"column":8},"end":{"line":29,"column":8}}]},"5":{"line":35,"type":"binary-expr","locations":[{"start":{"line":35,"column":45},"end":{"line":35,"column":64}},{"start":{"line":35,"column":68},"end":{"line":35,"column":80}}]},"6":{"line":47,"type":"binary-expr","locations":[{"start":{"line":47,"column":24},"end":{"line":47,"column":31}},{"start":{"line":47,"column":35},"end":{"line":47,"column":37}}]},"7":{"line":48,"type":"binary-expr","locations":[{"start":{"line":48,"column":30},"end":{"line":48,"column":49}},{"start":{"line":48,"column":53},"end":{"line":48,"column":58}}]},"8":{"line":49,"type":"binary-expr","locations":[{"start":{"line":49,"column":31},"end":{"line":49,"column":51}},{"start":{"line":49,"column":55},"end":{"line":49,"column":58}}]},"9":{"line":50,"type":"binary-expr","locations":[{"start":{"line":50,"column":29},"end":{"line":50,"column":47}},{"start":{"line":50,"column":51},"end":{"line":50,"column":59}}]},"10":{"line":51,"type":"binary-expr","locations":[{"start":{"line":51,"column":32},"end":{"line":51,"column":53}},{"start":{"line":51,"column":57},"end":{"line":51,"column":62}}]},"11":{"line":52,"type":"binary-expr","locations":[{"start":{"line":52,"column":33},"end":{"line":52,"column":55}},{"start":{"line":52,"column":59},"end":{"line":52,"column":68}}]},"12":{"line":53,"type":"binary-expr","locations":[{"start":{"line":53,"column":34},"end":{"line":53,"column":57}},{"start":{"line":53,"column":61},"end":{"line":53,"column":64}}]},"13":{"line":55,"type":"cond-expr","locations":[{"start":{"line":55,"column":65},"end":{"line":55,"column":120}},{"start":{"line":55,"column":123},"end":{"line":55,"column":128}}]},"14":{"line":56,"type":"binary-expr","locations":[{"start":{"line":56,"column":35},"end":{"line":56,"column":59}},{"start":{"line":56,"column":63},"end":{"line":56,"column":72}}]},"15":{"line":57,"type":"binary-expr","locations":[{"start":{"line":57,"column":36},"end":{"line":57,"column":61}},{"start":{"line":57,"column":65},"end":{"line":57,"column":70}}]},"16":{"line":58,"type":"binary-expr","locations":[{"start":{"line":58,"column":38},"end":{"line":58,"column":65}},{"start":{"line":58,"column":69},"end":{"line":58,"column":74}}]},"17":{"line":59,"type":"binary-expr","locations":[{"start":{"line":59,"column":37},"end":{"line":59,"column":63}},{"start":{"line":59,"column":67},"end":{"line":59,"column":77}}]},"18":{"line":60,"type":"binary-expr","locations":[{"start":{"line":60,"column":38},"end":{"line":60,"column":65}},{"start":{"line":60,"column":69},"end":{"line":60,"column":71}}]},"19":{"line":61,"type":"binary-expr","locations":[{"start":{"line":61,"column":48},"end":{"line":61,"column":85}},{"start":{"line":61,"column":89},"end":{"line":61,"column":91}}]},"20":{"line":62,"type":"binary-expr","locations":[{"start":{"line":62,"column":31},"end":{"line":62,"column":51}},{"start":{"line":62,"column":55},"end":{"line":62,"column":68}}]},"21":{"line":63,"type":"binary-expr","locations":[{"start":{"line":63,"column":38},"end":{"line":63,"column":55}},{"start":{"line":63,"column":59},"end":{"line":63,"column":69}}]},"22":{"line":78,"type":"if","locations":[{"start":{"line":78,"column":12},"end":{"line":78,"column":12}},{"start":{"line":78,"column":12},"end":{"line":78,"column":12}}]},"23":{"line":78,"type":"binary-expr","locations":[{"start":{"line":78,"column":16},"end":{"line":78,"column":24}},{"start":{"line":78,"column":28},"end":{"line":78,"column":57}}]},"24":{"line":88,"type":"if","locations":[{"start":{"line":88,"column":12},"end":{"line":88,"column":12}},{"start":{"line":88,"column":12},"end":{"line":88,"column":12}}]},"25":{"line":112,"type":"if","locations":[{"start":{"line":112,"column":12},"end":{"line":112,"column":12}},{"start":{"line":112,"column":12},"end":{"line":112,"column":12}}]},"26":{"line":134,"type":"if","locations":[{"start":{"line":134,"column":8},"end":{"line":134,"column":8}},{"start":{"line":134,"column":8},"end":{"line":134,"column":8}}]},"27":{"line":136,"type":"if","locations":[{"start":{"line":136,"column":12},"end":{"line":136,"column":12}},{"start":{"line":136,"column":12},"end":{"line":136,"column":12}}]},"28":{"line":153,"type":"if","locations":[{"start":{"line":153,"column":12},"end":{"line":153,"column":12}},{"start":{"line":153,"column":12},"end":{"line":153,"column":12}}]},"29":{"line":153,"type":"binary-expr","locations":[{"start":{"line":153,"column":16},"end":{"line":153,"column":52}},{"start":{"line":153,"column":56},"end":{"line":153,"column":100}}]},"30":{"line":160,"type":"if","locations":[{"start":{"line":160,"column":8},"end":{"line":160,"column":8}},{"start":{"line":160,"column":8},"end":{"line":160,"column":8}}]},"31":{"line":168,"type":"if","locations":[{"start":{"line":168,"column":8},"end":{"line":168,"column":8}},{"start":{"line":168,"column":8},"end":{"line":168,"column":8}}]},"32":{"line":168,"type":"binary-expr","locations":[{"start":{"line":168,"column":11},"end":{"line":168,"column":28}},{"start":{"line":168,"column":32},"end":{"line":168,"column":47}}]},"33":{"line":171,"type":"if","locations":[{"start":{"line":171,"column":12},"end":{"line":171,"column":12}},{"start":{"line":171,"column":12},"end":{"line":171,"column":12}}]},"34":{"line":174,"type":"if","locations":[{"start":{"line":174,"column":16},"end":{"line":174,"column":16}},{"start":{"line":174,"column":16},"end":{"line":174,"column":16}}]},"35":{"line":180,"type":"cond-expr","locations":[{"start":{"line":180,"column":51},"end":{"line":180,"column":54}},{"start":{"line":180,"column":57},"end":{"line":180,"column":70}}]},"36":{"line":181,"type":"cond-expr","locations":[{"start":{"line":181,"column":57},"end":{"line":181,"column":62}},{"start":{"line":181,"column":65},"end":{"line":181,"column":80}}]},"37":{"line":182,"type":"cond-expr","locations":[{"start":{"line":182,"column":60},"end":{"line":182,"column":66}},{"start":{"line":182,"column":69},"end":{"line":182,"column":85}}]},"38":{"line":183,"type":"cond-expr","locations":[{"start":{"line":183,"column":54},"end":{"line":183,"column":58}},{"start":{"line":183,"column":61},"end":{"line":183,"column":75}}]},"39":{"line":197,"type":"binary-expr","locations":[{"start":{"line":197,"column":15},"end":{"line":197,"column":42}},{"start":{"line":198,"column":15},"end":{"line":198,"column":42}},{"start":{"line":199,"column":15},"end":{"line":199,"column":42}},{"start":{"line":200,"column":15},"end":{"line":200,"column":42}}]},"40":{"line":205,"type":"if","locations":[{"start":{"line":205,"column":8},"end":{"line":205,"column":8}},{"start":{"line":205,"column":8},"end":{"line":205,"column":8}}]},"41":{"line":205,"type":"binary-expr","locations":[{"start":{"line":205,"column":12},"end":{"line":205,"column":48}},{"start":{"line":205,"column":53},"end":{"line":205,"column":58}},{"start":{"line":205,"column":62},"end":{"line":205,"column":83}},{"start":{"line":205,"column":88},"end":{"line":205,"column":107}},{"start":{"line":205,"column":111},"end":{"line":205,"column":131}}
[...]
all, c = [], r = r.replace(/\\[for\\b/gi, '[htmlFor').split(',');","                for (i = r.length; i--;) {","                    s.addRule(r[i], 'k:v');","                    for (j = a.length; j--;) a[j].currentStyle.k && c.push(a[j]);","                    s.removeRule(0);","                }","                return c;","            };","        }","","        //options and helper vars","        var scope = this;","        var util = scope._util = {};","        util.elements = [];","        util.destroyed = true;","        scope.options = options || {};","        scope.options.error = scope.options.error || false;","        scope.options.offset = scope.options.offset || 100;","        scope.options.root = scope.options.root || document;","        scope.options.success = scope.options.success || false;","        scope.options.selector = scope.options.selector || '.b-lazy';","        scope.options.separator = scope.options.separator || '|';","        scope.options.containerClass = scope.options.container;","        scope.options.container = scope.options.containerClass ? document.querySelectorAll(scope.options.containerClass) : false;","        scope.options.errorClass = scope.options.errorClass || 'b-error';","        scope.options.breakpoints = scope.options.breakpoints || false;","        scope.options.loadInvisible = scope.options.loadInvisible || false;","        scope.options.successClass = scope.options.successClass || 'b-loaded';","        scope.options.validateDelay = scope.options.validateDelay || 25;","        scope.options.saveViewportOffsetDelay = scope.options.saveViewportOffsetDelay || 50;","        scope.options.srcset = scope.options.srcset || 'data-srcset';","        scope.options.src = _source = scope.options.src || 'data-src';","        _supportClosest = Element.prototype.closest;","        _isRetina = window.devicePixelRatio > 1;","        _viewport = {};","        _viewport.top = 0 - scope.options.offset;","        _viewport.left = 0 - scope.options.offset;","","","        /* public functions","         ************************************/","        scope.revalidate = function() {","            initialize(scope);","        };","        scope.load = function(elements, force) {","            var opt = this.options;","            if (elements && elements.length === undefined) {","                loadElement(elements, force, opt);","            } else {","                each(elements, function(element) {","                    loadElement(element, force, opt);","                });","            }","        };","        scope.destroy = function() {            ","            var util = scope._util;","            if (scope.options.container) {","                each(scope.options.container, function(object) {","                    unbindEvent(object, 'scroll', util.validateT);","                });","            }","            unbindEvent(window, 'scroll', util.validateT);","            unbindEvent(window, 'resize', util.validateT);","            unbindEvent(window, 'resize', util.saveViewportOffsetT);","            util.count = 0;","            util.elements.length = 0;","            util.destroyed = true;","        };","","        //throttle, ensures that we don't call the functions too often","        util.validateT = throttle(function() {","            validate(scope);","        }, scope.options.validateDelay, scope);","        util.saveViewportOffsetT = throttle(function() {","            saveViewportOffset(scope.options.offset);","        }, scope.options.saveViewportOffsetDelay, scope);","        saveViewportOffset(scope.options.offset);","","        //handle multi-served image src (obsolete)","        each(scope.options.breakpoints, function(object) {","            if (object.width >= window.screen.width) {","                _source = object.src;","                return false;","            }","        });","","        // start lazy load","        setTimeout(function() {","            initialize(scope);","        }); // \"dom ready\" fix","","    };","","","    /* Private helper functions","     ************************************/","    function initialize(self) {","        var util = self._util;","        // First we create an array of elements to lazy load","        util.elements = toArray(self.options);","        util.count = util.elements.length;","        // Then we bind resize and scroll events if not already binded","        if (util.destroyed) {","            util.destroyed = false;","            if (self.options.container) {","                each(self.options.container, function(object) {","                    bindEvent(object, 'scroll', util.validateT);","                });","            }","            bindEvent(window, 'resize', util.saveViewportOffsetT);","            bindEvent(window, 'resize', util.validateT);","            bindEvent(window, 'scroll', util.validateT);","        }","        // And finally, we start to lazy load.","        validate(self);","    }","","    function validate(self) {","        var util = self._util;","        for (var i = 0; i < util.count; i++) {","            var element = util.elements[i];","            if (elementInView(element, self.options) || hasClass(element, self.options.successClass)) {","                self.load(element);","                util.elements.splice(i, 1);","                util.count--;","                i--;","            }","        }","        if (util.count === 0) {","            self.destroy();","        }","    }","","    function elementInView(ele, options) {","        var rect = ele.getBoundingClientRect();","","        if(options.container && _supportClosest){","            // Is element inside a container?","            var elementContainer = ele.closest(options.containerClass);","            if(elementContainer){","                var containerRect = elementContainer.getBoundingClientRect();","                // Is container in view?","                if(inView(containerRect, _viewport)){","                    var top = containerRect.top - options.offset;","                    var right = containerRect.right + options.offset;","                    var bottom = containerRect.bottom + options.offset;","                    var left = containerRect.left - options.offset;","                    var containerRectWithOffset = {","                        top: top > _viewport.top ? top : _viewport.top,","                        right: right < _viewport.right ? right : _viewport.right,","                        bottom: bottom < _viewport.bottom ? bottom : _viewport.bottom,","                        left: left > _viewport.left ? left : _viewport.left","                    };","                    // Is element in view of container?","                    return inView(rect, containerRectWithOffset);","                } else {","                    return false;","                }","            }","        }      ","        return inView(rect, _viewport);","    }","","    function inView(rect, viewport){","        // Intersection","        return rect.right >= viewport.left &&","               rect.bottom >= viewport.top && ","               rect.left <= viewport.right && ","               rect.top <= viewport.bottom;","    }","","    function loadElement(ele, force, options) {","        // if element is visible, not loaded or forced","        if (!hasClass(ele, options.successClass) && (force || options.loadInvisible || (ele.offsetWidth > 0 && ele.offsetHeight > 0))) {","            var dataSrc = getAttr(ele, _source) || getAttr(ele, options.src); // fallback to default 'data-src'","            if (dataSrc) {","                var dataSrcSplitted = dataSrc.split(options.separator);","                var src = dataSrcSplitted[_isRetina && dataSrcSplitted.length > 1 ? 1 : 0];","                var srcset = getAttr(ele, options.srcset);","                var isImage = equal(ele, 'img');","                var parent = ele.parentNode;","                var isPicture = parent && equal(parent, 'picture');","                // Image or background image","                if (isImage || ele.src === undefined) {","                    var img = new Image();","                    // using EventListener instead of onerror and onload","                    // due to bug introduced in chrome v50 ","                    // (https://productforums.google.com/forum/#!topic/chrome/p51Lk7vnP2o)","                    var onErrorHandler = function() {","                        if (options.error) options.error(ele, \"invalid\");","                        addClass(ele, options.errorClass);","                        unbindEvent(img, 'error', onErrorHandler);","                        unbindEvent(img, 'load', onLoadHandler);","                    };","                    var onLoadHandler = function() {","                        // Is element an image","                        if (isImage) {","                            if(!isPicture) {","                                handleSources(ele, src, srcset);","                            }","                        // or background-image","                        } else {","                            ele.style.backgroundImage = 'url(\"' + src + '\")';","                        }","                        itemLoaded(ele, options);","                        unbindEvent(img, 'load', onLoadHandler);","                        unbindEvent(img, 'error', onErrorHandler);","                    };","                    ","                    // Picture element","                    if (isPicture) {","                        img = ele; // Image tag inside picture element wont get preloaded","                        each(parent.getElementsByTagName('source'), function(source) {","                            handleSource(source, _attrSrcset, options.srcset);","                        });","                    }","                    bindEvent(img, 'error', onErrorHandler);","                    bindEvent(img, 'load', onLoadHandler);","                    handleSources(img, src, srcset); // Preload","","                } else { // An item with src like iframe, unity games, simpel video etc","                    ele.src = src;","                    itemLoaded(ele, options);","                }","            } else {","                // video with child source","                if (equal(ele, 'video')) {","                    each(ele.getElementsByTagName('source'), function(source) {","                        handleSource(source, _attrSrc, options.src);","                    });","                    ele.load();","                    itemLoaded(ele, options);","                } else {","                    if (options.error) options.error(ele, \"missing\");","                    addClass(ele, options.errorClass);","                }","            }","        }","    }","","    function itemLoaded(ele, options) {","        addClass(ele, options.successClass);","        if (options.success) options.success(ele);","        // cleanup markup, remove data source attributes","        removeAttr(ele, options.src);","        removeAttr(ele, options.srcset);","        each(options.breakpoints, function(object) {","            removeAttr(ele, object.src);","        });","    }","","    function handleSource(ele, attr, dataAttr) {","        var dataSrc = getAttr(ele, dataAttr);","        if (dataSrc) {","            setAttr(ele, attr, dataSrc);","            removeAttr(ele, dataAttr);","        }","    }","","    function handleSources(ele, src, srcset){","        if(srcset) {","            setAttr(ele, _attrSrcset, srcset); //srcset","        }","        ele.src = src; //src ","    }","","    function setAttr(ele, attr, value){","        ele.setAttribute(attr, value);","    }","","    function getAttr(ele, attr) {","        return ele.getAttribute(attr);","    }","","    function removeAttr(ele, attr){","        ele.removeAttribute(attr); ","    }","","    function equal(ele, str) {","        return ele.nodeName.toLowerCase() === str;","    }","","    function hasClass(ele, className) {","        return (' ' + ele.className + ' ').indexOf(' ' + className + ' ') !== -1;","    }","","    function addClass(ele, className) {","        if (!hasClass(ele, className)) {","            ele.className += ' ' + className;","        }","    }","","    function toArray(options) {","        var array = [];","        var nodelist = (options.root).querySelectorAll(options.selector);","        for (var i = nodelist.length; i--; array.unshift(nodelist[i])) {}","        return array;","    }","","    function saveViewportOffset(offset) {","        _viewport.bottom = (window.innerHeight || document.documentElement.clientHeight) + offset;","        _viewport.right = (window.innerWidth || document.documentElement.clientWidth) + offset;","    }","","    function bindEvent(ele, type, fn) {","        if (ele.attachEvent) {","            ele.attachEvent && ele.attachEvent('on' + type, fn);","        } else {","            ele.addEventListener(type, fn, { capture: false, passive: true });","        }","    }","","    function unbindEvent(ele, type, fn) {","        if (ele.detachEvent) {","            ele.detachEvent && ele.detachEvent('on' + type, fn);","        } else {","            ele.removeEventListener(type, fn, { capture: false, passive: true });","        }","    }","","    function each(object, fn) {","        if (object && fn) {","            var l = object.length;","            for (var i = 0; i < l && fn(object[i], i) !== false; i++) {}","        }","    }","","    function throttle(fn, minDelay, scope) {","        var lastCall = 0;","        return function() {","            var now = +new Date();","            if (now - lastCall < minDelay) {","                return;","            }","            lastCall = now;","            fn.apply(scope, arguments);","        };","    }","});",""],"l":{"7":1,"8":1,"10":0,"11":1,"15":1,"18":0,"24":1,"27":1,"29":0,"30":0,"31":0,"32":0,"33":0,"34":0,"35":0,"36":0,"38":0,"43":0,"44":0,"45":0,"46":0,"47":0,"48":0,"49":0,"50":0,"51":0,"52":0,"53":0,"54":0,"55":0,"56":0,"57":0,"58":0,"59":0,"60":0,"61":0,"62":0,"63":0,"64":0,"65":0,"66":0,"67":0,"68":0,"73":0,"74":0,"76":0,"77":0,"78":0,"79":0,"81":0,"82":0,"86":0,"87":0,"88":0,"89":0,"90":0,"93":0,"94":0,"95":0,"96":0,"97":0,"98":0,"102":0,"103":0,"105":0,"106":0,"108":0,"111":0,"112":0,"113":0,"114":0,"119":0,"120":0,"128":1,"129":0,"131":0,"132":0,"134":0,"135":0,"136":0,"137":0,"138":0,"141":0,"142":0,"143":0,"146":0,"149":1,"150":0,"151":0,"152":0,"153":0,"154":0,"155":0,"156":0,"157":0,"160":0,"161":0,"165":1,"166":0,"168":0,"170":0,"171":0,"172":0,"174":0,"175":0,"176":0,"177":0,"178":0,"179":0,"186":0,"188":0,"192":0,"195":1,"197":0,"203":1,"205":0,"206":0,"207":0,"208":0,"209":0,"210":0,"211":0,"212":0,"213":0,"215":0,"216":0,"220":0,"221":0,"222":0,"223":0,"224":0,"226":0,"228":0,"229":0,"230":0,"234":0,"236":0,"237":0,"238":0,"242":0,"243":0,"244":0,"245":0,"248":0,"249":0,"250":0,"253":0,"254":0,"258":0,"259":0,"260":0,"262":0,"263":0,"265":0,"266":0,"272":1,"273":0,"274":0,"276":0,"277":0,"278":0,"279":0,"283":1,"284":0,"285":0,"286":0,"287":0,"291":1,"292":0,"293":0,"295":0,"298":1,"299":0,"302":1,"303":0,"306":1,"307":0,"310":1,"311":0,"314":1,"315":0,"318":1,"319":0,"320":0,"324":1,"325":0,"326":0,"327":0,"328":0,"331":1,"332":0,"333":0,"336":1,"337":0,"338":0,"340":0,"344":1,"345":0,"346":0,"348":0,"352":1,"353":0,"354":0,"355":0,"359":1,"360":0,"361":0,"362":0,"363":0,"364":0,"366":0,"367":0}},"/home/travis/build/npmtest/node-npmtest-blazy/node_modules/blazy/polyfills/closest.js":{"path":"/home/travis/build/npmtest/node-npmtest-blazy/node_modules/blazy/polyfills/closest.js","s":{"1":2,"2":2,"3":0,"4":0,"5":0,"6":0,"7":0,"8":0,"9":0,"10":0,"11":0,"12":0},"b":{"1":[0,0],"2":[0,0,0,0,0,0],"3":[0,0],"4":[0,0],"5":[0,0],"6":[0,0],"7":[0,0],"8":[0,0]},"f":{"1":2,"2":0,"3":0},"fnMap":{"1":{"name":"(anonymous_1)","line":5,"loc":{"start":{"line":5,"column":1},"end":{"line":5,"column":13}}},"2":{"name":"(anonymous_2)","line":13,"loc":{"start":{"line":13,"column":8},"end":{"line":13,"column":20}}},"3":{"name":"(anonymous_3)","line":23,"loc":{"start":{"line":23,"column":2},"end":{"line":23,"column":21}}}},"statementMap":{"1":{"start":{"line":5,"column":0},"end":{"line":29,"column":5}},"2":{"start":{"line":6,"column":4},"end":{"line":19,"column":2}},"3":{"start":{"line":7,"column":4},"end":{"line":18,"column":10}},"4":{"start":{"line":14,"column":12},"end":{"line":15,"column":35}},"5":{"start":{"line":16,"column":12},"end":{"line":16,"column":59}},"6":{"start":{"line":17,"column":12},"end":{"line":17,"column":26}},"7":{"start":{"line":21,"column":1},"end":{"line":28,"column":2}},"8":{"start":{"line":22,"column":2},"end":{"line":27,"column":4}},"9":{"start":{"line":24,"column":3},"end":{"line":24,"column":22}},"10":{"start":{"line":25,"column":9},"end":{"line":25,"column":92}},"11":{"start":{"line":25,"column":63},"end":{"line":25,"column":92}},"12":{"start":{"line":26,"column":9},"end":{"line":26,"column":49}}},"branchMap":{"1":{"line":6,"type":"if","locations":[{"start":{"line":6,"column":4},"end":{"line":6,"column":4}},{"start":{"line":6,"column":4},"end":{"line":6,"column":4}}]},"2":{"line":8,"type":"binary-expr","locations":[{"start":{"line":8,"column":8},"end":{"line":8,"column":41}},{"start":{"line":9,"column":8},"end":{"line":9,"column":44}},{"start":{"line":10,"column":8},"end":{"line":10,"column":43}},{"start":{"line":11,"column":8},"end":{"line":11,"column":42}},{"start":{"line":12,"column":8},"end":{"line":12,"column":47}},{"start":{"line":13,"column":8},"end":{"line":18,"column":9}}]},"3":{"line":14,"type":"binary-expr","locations":[{"start":{"line":14,"column":27},"end":{"line":14,"column":40}},{"start":{"line":14,"column":44},"end":{"line":14,"column":62}}]},"4":{"line":16,"type":"binary-expr","locations":[{"start":{"line":16,"column":19},"end":{"line":16,"column":27}},{"start":{"line":16,"column":31},"end":{"line":16,"column":55}}]},"5":{"line":21,"type":"if","locations":[{"start":{"line":21,"column":1},"end":{"line":21,"column":1}},{"start":{"line":21,"column":1},"end":{"line":21,"column":1}}]},"6":{"line":22,"type":"binary-expr","locations":[{"start":{"line":22,"column":30},"end":{"line":22,"column":55}},{"start":{"line":23,"column":2},"end":{"line":27,"column":3}}]},"7":{"line":25,"type":"binary-expr","locations":[{"start":{"line":25,"column":16},"end":{"line":25,"column":31}},{"start":{"line":25,"column":35},"end":{"line":25,"column":61}}]},"8":{"line":26,"type":"cond-expr","locations":[{"start":{"line":26,"column":34},"end":{"line":26,"column":41}},{"start":{"line":26,"column":44},"end":{"line":26,"column":48}}]}},"code":["// Polyfill for Element.closest that falls back to Element.matches that falls back to querySelectorAll","// Created for blazy.js 1.8.1 - https://github.com/dinbror/blazy to ensure IE7+ support","","","(function () {","    if (!Element.prototype.matches) {","    Element.prototype.matches = ","        Element.prototype.matchesSelector || ","        Element.prototype.mozMatchesSelector ||","        Element.prototype.msMatchesSelector || ","        Element.prototype.oMatchesSelector || ","        Element.prototype.webkitMatchesSelector ||","        function(s) {","            var matches = (this.document || this.ownerDocument).querySelectorAll(s),","                i = matches.length;","            while (--i >= 0 && matches.item(i) !== this) {}","            return i > -1;            ","        };","\t}","","\tif (!Element.prototype.closest) {","\t\tElement.prototype.closest = Element.prototype.closest ||","\t\tfunction(selector) {","\t\t\tvar element = this;","\t        while (element.matches && !element.matches(selector)) element = element.parentNode;","\t        return element.matches ? element : null;","\t\t};","\t}","})();"],"l":{"5":2,"6":2,"7":0,"14":0,"16":0,"17":0,"21":0,"22":0,"24":0,"25":0,"26":0}}}